[0.029s] Invoking command in '/home/aboidrees/Desktop/my_bot/build/my_bot': CMAKE_PREFIX_PATH=${CMAKE_PREFIX_PATH}:/opt/ros/foxy /usr/bin/cmake --build /home/aboidrees/Desktop/my_bot/build/my_bot -- -j4 -l4
[0.104s] Invoked command in '/home/aboidrees/Desktop/my_bot/build/my_bot' returned '0': CMAKE_PREFIX_PATH=${CMAKE_PREFIX_PATH}:/opt/ros/foxy /usr/bin/cmake --build /home/aboidrees/Desktop/my_bot/build/my_bot -- -j4 -l4
[0.123s] Invoking command in '/home/aboidrees/Desktop/my_bot/build/my_bot': CMAKE_PREFIX_PATH=${CMAKE_PREFIX_PATH}:/opt/ros/foxy /usr/bin/cmake --install /home/aboidrees/Desktop/my_bot/build/my_bot
[0.139s] -- Install configuration: ""
[0.140s] -- Execute custom install script
[0.141s] -- Symlinking: /home/aboidrees/Desktop/my_bot/install/my_bot/share/my_bot/config/drive_bot.rviz
[0.160s] -- Up-to-date symlink: /home/aboidrees/Desktop/my_bot/install/my_bot/share/my_bot/config/empty.yaml
[0.160s] -- Up-to-date symlink: /home/aboidrees/Desktop/my_bot/install/my_bot/share/my_bot/config/view_bot.rviz
[0.160s] -- Up-to-date symlink: /home/aboidrees/Desktop/my_bot/install/my_bot/share/my_bot/description/gazebo_control.xacro
[0.161s] -- Up-to-date symlink: /home/aboidrees/Desktop/my_bot/install/my_bot/share/my_bot/description/inertial_macros.xacro
[0.161s] -- Up-to-date symlink: /home/aboidrees/Desktop/my_bot/install/my_bot/share/my_bot/description/robot.urdf.xacro
[0.162s] -- Up-to-date symlink: /home/aboidrees/Desktop/my_bot/install/my_bot/share/my_bot/description/robot_core.xacro
[0.162s] -- Up-to-date symlink: /home/aboidrees/Desktop/my_bot/install/my_bot/share/my_bot/launch/launch_sim.launch.py
[0.162s] -- Up-to-date symlink: /home/aboidrees/Desktop/my_bot/install/my_bot/share/my_bot/launch/rsp.launch.py
[0.163s] -- Up-to-date symlink: /home/aboidrees/Desktop/my_bot/install/my_bot/share/my_bot/worlds/empty.world
[0.163s] -- Symlinking: /home/aboidrees/Desktop/my_bot/install/my_bot/share/my_bot/worlds/obstacles.world
[0.178s] -- Up-to-date symlink: /home/aboidrees/Desktop/my_bot/install/my_bot/share/ament_index/resource_index/package_run_dependencies/my_bot
[0.179s] -- Up-to-date symlink: /home/aboidrees/Desktop/my_bot/install/my_bot/share/ament_index/resource_index/parent_prefix_path/my_bot
[0.180s] -- Up-to-date symlink: /home/aboidrees/Desktop/my_bot/install/my_bot/share/my_bot/environment/ament_prefix_path.sh
[0.180s] -- Up-to-date symlink: /home/aboidrees/Desktop/my_bot/install/my_bot/share/my_bot/environment/ament_prefix_path.dsv
[0.181s] -- Up-to-date symlink: /home/aboidrees/Desktop/my_bot/install/my_bot/share/my_bot/environment/path.sh
[0.182s] -- Up-to-date symlink: /home/aboidrees/Desktop/my_bot/install/my_bot/share/my_bot/environment/path.dsv
[0.182s] -- Up-to-date symlink: /home/aboidrees/Desktop/my_bot/install/my_bot/share/my_bot/local_setup.bash
[0.183s] -- Up-to-date symlink: /home/aboidrees/Desktop/my_bot/install/my_bot/share/my_bot/local_setup.sh
[0.184s] -- Up-to-date symlink: /home/aboidrees/Desktop/my_bot/install/my_bot/share/my_bot/local_setup.zsh
[0.185s] -- Up-to-date symlink: /home/aboidrees/Desktop/my_bot/install/my_bot/share/my_bot/local_setup.dsv
[0.185s] -- Symlinking: /home/aboidrees/Desktop/my_bot/install/my_bot/share/my_bot/package.dsv
[0.201s] -- Up-to-date symlink: /home/aboidrees/Desktop/my_bot/install/my_bot/share/ament_index/resource_index/packages/my_bot
[0.201s] -- Up-to-date symlink: /home/aboidrees/Desktop/my_bot/install/my_bot/share/my_bot/cmake/my_botConfig.cmake
[0.202s] -- Up-to-date symlink: /home/aboidrees/Desktop/my_bot/install/my_bot/share/my_bot/cmake/my_botConfig-version.cmake
[0.203s] -- Up-to-date symlink: /home/aboidrees/Desktop/my_bot/install/my_bot/share/my_bot/package.xml
[0.205s] Invoked command in '/home/aboidrees/Desktop/my_bot/build/my_bot' returned '0': CMAKE_PREFIX_PATH=${CMAKE_PREFIX_PATH}:/opt/ros/foxy /usr/bin/cmake --install /home/aboidrees/Desktop/my_bot/build/my_bot
