[0.018s] Invoking command in '/home/aboidrees/Desktop/my_bot/build/my_bot': CMAKE_PREFIX_PATH=${CMAKE_PREFIX_PATH}:/opt/ros/foxy /usr/bin/cmake /home/aboidrees/Desktop/my_bot -DAMENT_CMAKE_SYMLINK_INSTALL=1 -DCMAKE_INSTALL_PREFIX=/home/aboidrees/Desktop/my_bot/install/my_bot
[0.046s] -- Found ament_cmake: 0.9.12 (/opt/ros/foxy/share/ament_cmake/cmake)
[0.079s] -- Using PYTHON_EXECUTABLE: /usr/bin/python3
[0.434s] -- Override CMake install command with custom implementation using symlinks instead of copying resources
[0.447s] -- Found ament_lint_auto: 0.9.8 (/opt/ros/foxy/share/ament_lint_auto/cmake)
[0.554s] -- Added test 'copyright' to check source files copyright and LICENSE
[0.617s] -- Added test 'cppcheck' to perform static code analysis on C / C++ code
[0.618s] -- Configured cppcheck include dirs: 
[0.618s] -- Configured cppcheck exclude dirs and/or files: 
[0.679s] -- Added test 'cpplint' to check C / C++ code against the Google style
[0.679s] -- Configured cpplint exclude dirs and/or files: 
[0.688s] -- Added test 'flake8' to check Python code syntax and style conventions
[0.703s] -- Added test 'lint_cmake' to check CMake code style
[0.712s] -- Added test 'pep257' to check Python code against some of the style conventions in PEP 257
[0.774s] -- Added test 'uncrustify' to check C / C++ code style
[0.774s] -- Configured uncrustify additional arguments: 
[0.782s] -- Added test 'xmllint' to check XML markup files
[0.785s] -- Configuring done
[0.789s] -- Generating done
[0.792s] -- Build files have been written to: /home/aboidrees/Desktop/my_bot/build/my_bot
[0.796s] Invoked command in '/home/aboidrees/Desktop/my_bot/build/my_bot' returned '0': CMAKE_PREFIX_PATH=${CMAKE_PREFIX_PATH}:/opt/ros/foxy /usr/bin/cmake /home/aboidrees/Desktop/my_bot -DAMENT_CMAKE_SYMLINK_INSTALL=1 -DCMAKE_INSTALL_PREFIX=/home/aboidrees/Desktop/my_bot/install/my_bot
[0.801s] Invoking command in '/home/aboidrees/Desktop/my_bot/build/my_bot': CMAKE_PREFIX_PATH=${CMAKE_PREFIX_PATH}:/opt/ros/foxy /usr/bin/cmake --build /home/aboidrees/Desktop/my_bot/build/my_bot -- -j4 -l4
[0.864s] Invoked command in '/home/aboidrees/Desktop/my_bot/build/my_bot' returned '0': CMAKE_PREFIX_PATH=${CMAKE_PREFIX_PATH}:/opt/ros/foxy /usr/bin/cmake --build /home/aboidrees/Desktop/my_bot/build/my_bot -- -j4 -l4
[0.886s] Invoking command in '/home/aboidrees/Desktop/my_bot/build/my_bot': CMAKE_PREFIX_PATH=${CMAKE_PREFIX_PATH}:/opt/ros/foxy /usr/bin/cmake --install /home/aboidrees/Desktop/my_bot/build/my_bot
[0.898s] -- Install configuration: ""
[0.898s] -- Execute custom install script
[0.899s] -- Up-to-date symlink: /home/aboidrees/Desktop/my_bot/install/my_bot/share/my_bot/config/drive_bot.rviz
[0.900s] -- Up-to-date symlink: /home/aboidrees/Desktop/my_bot/install/my_bot/share/my_bot/config/empty.yaml
[0.901s] -- Up-to-date symlink: /home/aboidrees/Desktop/my_bot/install/my_bot/share/my_bot/config/view_bot.rviz
[0.901s] -- Up-to-date symlink: /home/aboidrees/Desktop/my_bot/install/my_bot/share/my_bot/description/gazebo_control.xacro
[0.902s] -- Up-to-date symlink: /home/aboidrees/Desktop/my_bot/install/my_bot/share/my_bot/description/inertial_macros.xacro
[0.903s] -- Up-to-date symlink: /home/aboidrees/Desktop/my_bot/install/my_bot/share/my_bot/description/lidar.xacro
[0.904s] -- Up-to-date symlink: /home/aboidrees/Desktop/my_bot/install/my_bot/share/my_bot/description/robot.urdf.xacro
[0.904s] -- Up-to-date symlink: /home/aboidrees/Desktop/my_bot/install/my_bot/share/my_bot/description/robot_core.xacro
[0.904s] -- Up-to-date symlink: /home/aboidrees/Desktop/my_bot/install/my_bot/share/my_bot/launch/launch_sim.launch.py
[0.905s] -- Up-to-date symlink: /home/aboidrees/Desktop/my_bot/install/my_bot/share/my_bot/launch/rplidar.launch.py
[0.905s] -- Up-to-date symlink: /home/aboidrees/Desktop/my_bot/install/my_bot/share/my_bot/launch/rsp.launch.py
[0.906s] -- Up-to-date symlink: /home/aboidrees/Desktop/my_bot/install/my_bot/share/my_bot/worlds/empty.world
[0.906s] -- Up-to-date symlink: /home/aboidrees/Desktop/my_bot/install/my_bot/share/my_bot/worlds/obstacles.world
[0.906s] -- Up-to-date symlink: /home/aboidrees/Desktop/my_bot/install/my_bot/share/ament_index/resource_index/package_run_dependencies/my_bot
[0.907s] -- Up-to-date symlink: /home/aboidrees/Desktop/my_bot/install/my_bot/share/ament_index/resource_index/parent_prefix_path/my_bot
[0.907s] -- Up-to-date symlink: /home/aboidrees/Desktop/my_bot/install/my_bot/share/my_bot/environment/ament_prefix_path.sh
[0.907s] -- Up-to-date symlink: /home/aboidrees/Desktop/my_bot/install/my_bot/share/my_bot/environment/ament_prefix_path.dsv
[0.908s] -- Up-to-date symlink: /home/aboidrees/Desktop/my_bot/install/my_bot/share/my_bot/environment/path.sh
[0.908s] -- Up-to-date symlink: /home/aboidrees/Desktop/my_bot/install/my_bot/share/my_bot/environment/path.dsv
[0.908s] -- Up-to-date symlink: /home/aboidrees/Desktop/my_bot/install/my_bot/share/my_bot/local_setup.bash
[0.909s] -- Up-to-date symlink: /home/aboidrees/Desktop/my_bot/install/my_bot/share/my_bot/local_setup.sh
[0.909s] -- Up-to-date symlink: /home/aboidrees/Desktop/my_bot/install/my_bot/share/my_bot/local_setup.zsh
[0.910s] -- Up-to-date symlink: /home/aboidrees/Desktop/my_bot/install/my_bot/share/my_bot/local_setup.dsv
[0.910s] -- Symlinking: /home/aboidrees/Desktop/my_bot/install/my_bot/share/my_bot/package.dsv
[0.928s] -- Up-to-date symlink: /home/aboidrees/Desktop/my_bot/install/my_bot/share/ament_index/resource_index/packages/my_bot
[0.929s] -- Up-to-date symlink: /home/aboidrees/Desktop/my_bot/install/my_bot/share/my_bot/cmake/my_botConfig.cmake
[0.929s] -- Up-to-date symlink: /home/aboidrees/Desktop/my_bot/install/my_bot/share/my_bot/cmake/my_botConfig-version.cmake
[0.932s] -- Up-to-date symlink: /home/aboidrees/Desktop/my_bot/install/my_bot/share/my_bot/package.xml
[0.934s] Invoked command in '/home/aboidrees/Desktop/my_bot/build/my_bot' returned '0': CMAKE_PREFIX_PATH=${CMAKE_PREFIX_PATH}:/opt/ros/foxy /usr/bin/cmake --install /home/aboidrees/Desktop/my_bot/build/my_bot
