[0.016s] Invoking command in '/home/aboidrees/Desktop/my_bot/build/my_bot': CMAKE_PREFIX_PATH=/opt/ros/foxy /usr/bin/cmake /home/aboidrees/Desktop/my_bot -DCMAKE_INSTALL_PREFIX=/home/aboidrees/Desktop/my_bot/install/my_bot
[0.043s] -- Found ament_cmake: 0.9.12 (/opt/ros/foxy/share/ament_cmake/cmake)
[0.075s] -- Using PYTHON_EXECUTABLE: /usr/bin/python3
[0.415s] -- Override CMake install command with custom implementation using symlinks instead of copying resources
[0.428s] -- Found ament_lint_auto: 0.9.8 (/opt/ros/foxy/share/ament_lint_auto/cmake)
[0.535s] -- Added test 'copyright' to check source files copyright and LICENSE
[0.603s] -- Added test 'cppcheck' to perform static code analysis on C / C++ code
[0.603s] -- Configured cppcheck include dirs: 
[0.603s] -- Configured cppcheck exclude dirs and/or files: 
[0.668s] -- Added test 'cpplint' to check C / C++ code against the Google style
[0.668s] -- Configured cpplint exclude dirs and/or files: 
[0.679s] -- Added test 'flake8' to check Python code syntax and style conventions
[0.697s] -- Added test 'lint_cmake' to check CMake code style
[0.706s] -- Added test 'pep257' to check Python code against some of the style conventions in PEP 257
[0.770s] -- Added test 'uncrustify' to check C / C++ code style
[0.770s] -- Configured uncrustify additional arguments: 
[0.778s] -- Added test 'xmllint' to check XML markup files
[0.781s] -- Configuring done
[0.788s] -- Generating done
[0.792s] -- Build files have been written to: /home/aboidrees/Desktop/my_bot/build/my_bot
[0.797s] Invoked command in '/home/aboidrees/Desktop/my_bot/build/my_bot' returned '0': CMAKE_PREFIX_PATH=/opt/ros/foxy /usr/bin/cmake /home/aboidrees/Desktop/my_bot -DCMAKE_INSTALL_PREFIX=/home/aboidrees/Desktop/my_bot/install/my_bot
[0.803s] Invoking command in '/home/aboidrees/Desktop/my_bot/build/my_bot': CMAKE_PREFIX_PATH=/opt/ros/foxy /usr/bin/cmake --build /home/aboidrees/Desktop/my_bot/build/my_bot -- -j4 -l4
[0.869s] Invoked command in '/home/aboidrees/Desktop/my_bot/build/my_bot' returned '0': CMAKE_PREFIX_PATH=/opt/ros/foxy /usr/bin/cmake --build /home/aboidrees/Desktop/my_bot/build/my_bot -- -j4 -l4
[0.892s] Invoking command in '/home/aboidrees/Desktop/my_bot/build/my_bot': CMAKE_PREFIX_PATH=/opt/ros/foxy /usr/bin/cmake --install /home/aboidrees/Desktop/my_bot/build/my_bot
[0.905s] -- Install configuration: ""
[0.906s] -- Execute custom install script
[0.907s] -- Up-to-date symlink: /home/aboidrees/Desktop/my_bot/install/my_bot/share/my_bot/config/drive_bot.rviz
[0.908s] -- Up-to-date symlink: /home/aboidrees/Desktop/my_bot/install/my_bot/share/my_bot/config/empty.yaml
[0.909s] -- Up-to-date symlink: /home/aboidrees/Desktop/my_bot/install/my_bot/share/my_bot/config/view_bot.rviz
[0.910s] -- Up-to-date symlink: /home/aboidrees/Desktop/my_bot/install/my_bot/share/my_bot/description/gazebo_control.xacro
[0.910s] -- Up-to-date symlink: /home/aboidrees/Desktop/my_bot/install/my_bot/share/my_bot/description/inertial_macros.xacro
[0.910s] -- Symlinking: /home/aboidrees/Desktop/my_bot/install/my_bot/share/my_bot/description/lidar.xacro
[0.925s] -- Up-to-date symlink: /home/aboidrees/Desktop/my_bot/install/my_bot/share/my_bot/description/robot.urdf.xacro
[0.926s] -- Up-to-date symlink: /home/aboidrees/Desktop/my_bot/install/my_bot/share/my_bot/description/robot_core.xacro
[0.927s] -- Up-to-date symlink: /home/aboidrees/Desktop/my_bot/install/my_bot/share/my_bot/launch/launch_sim.launch.py
[0.927s] -- Symlinking: /home/aboidrees/Desktop/my_bot/install/my_bot/share/my_bot/launch/rplidar.launch.py
[0.945s] -- Up-to-date symlink: /home/aboidrees/Desktop/my_bot/install/my_bot/share/my_bot/launch/rsp.launch.py
[0.947s] -- Up-to-date symlink: /home/aboidrees/Desktop/my_bot/install/my_bot/share/my_bot/worlds/empty.world
[0.947s] -- Up-to-date symlink: /home/aboidrees/Desktop/my_bot/install/my_bot/share/my_bot/worlds/obstacles.world
[0.949s] -- Up-to-date symlink: /home/aboidrees/Desktop/my_bot/install/my_bot/share/ament_index/resource_index/package_run_dependencies/my_bot
[0.950s] -- Up-to-date symlink: /home/aboidrees/Desktop/my_bot/install/my_bot/share/ament_index/resource_index/parent_prefix_path/my_bot
[0.950s] -- Up-to-date symlink: /home/aboidrees/Desktop/my_bot/install/my_bot/share/my_bot/environment/ament_prefix_path.sh
[0.951s] -- Up-to-date symlink: /home/aboidrees/Desktop/my_bot/install/my_bot/share/my_bot/environment/ament_prefix_path.dsv
[0.952s] -- Up-to-date symlink: /home/aboidrees/Desktop/my_bot/install/my_bot/share/my_bot/environment/path.sh
[0.953s] -- Up-to-date symlink: /home/aboidrees/Desktop/my_bot/install/my_bot/share/my_bot/environment/path.dsv
[0.954s] -- Up-to-date symlink: /home/aboidrees/Desktop/my_bot/install/my_bot/share/my_bot/local_setup.bash
[0.955s] -- Up-to-date symlink: /home/aboidrees/Desktop/my_bot/install/my_bot/share/my_bot/local_setup.sh
[0.955s] -- Up-to-date symlink: /home/aboidrees/Desktop/my_bot/install/my_bot/share/my_bot/local_setup.zsh
[0.956s] -- Up-to-date symlink: /home/aboidrees/Desktop/my_bot/install/my_bot/share/my_bot/local_setup.dsv
[0.957s] -- Symlinking: /home/aboidrees/Desktop/my_bot/install/my_bot/share/my_bot/package.dsv
[0.972s] -- Up-to-date symlink: /home/aboidrees/Desktop/my_bot/install/my_bot/share/ament_index/resource_index/packages/my_bot
[0.973s] -- Up-to-date symlink: /home/aboidrees/Desktop/my_bot/install/my_bot/share/my_bot/cmake/my_botConfig.cmake
[0.973s] -- Up-to-date symlink: /home/aboidrees/Desktop/my_bot/install/my_bot/share/my_bot/cmake/my_botConfig-version.cmake
[0.974s] -- Up-to-date symlink: /home/aboidrees/Desktop/my_bot/install/my_bot/share/my_bot/package.xml
[0.976s] Invoked command in '/home/aboidrees/Desktop/my_bot/build/my_bot' returned '0': CMAKE_PREFIX_PATH=/opt/ros/foxy /usr/bin/cmake --install /home/aboidrees/Desktop/my_bot/build/my_bot
