[0.021s] Invoking command in '/home/aboidrees/Desktop/my_bot/build/my_bot': CMAKE_PREFIX_PATH=/opt/ros/foxy /usr/bin/cmake /home/aboidrees/Desktop/my_bot -DCMAKE_INSTALL_PREFIX=/home/aboidrees/Desktop/my_bot/install/my_bot
[0.044s] -- Found ament_cmake: 0.9.12 (/opt/ros/foxy/share/ament_cmake/cmake)
[0.086s] -- Using PYTHON_EXECUTABLE: /usr/bin/python3
[0.443s] -- Override CMake install command with custom implementation using symlinks instead of copying resources
[0.457s] -- Found ament_lint_auto: 0.9.8 (/opt/ros/foxy/share/ament_lint_auto/cmake)
[0.563s] -- Added test 'copyright' to check source files copyright and LICENSE
[0.586s] -- Added test 'cppcheck' to perform static code analysis on C / C++ code
[0.586s] -- Configured cppcheck include dirs: 
[0.586s] -- Configured cppcheck exclude dirs and/or files: 
[0.608s] -- Added test 'cpplint' to check C / C++ code against the Google style
[0.608s] -- Configured cpplint exclude dirs and/or files: 
[0.611s] -- Added test 'flake8' to check Python code syntax and style conventions
[0.617s] -- Added test 'lint_cmake' to check CMake code style
[0.620s] -- Added test 'pep257' to check Python code against some of the style conventions in PEP 257
[0.643s] -- Added test 'uncrustify' to check C / C++ code style
[0.643s] -- Configured uncrustify additional arguments: 
[0.646s] -- Added test 'xmllint' to check XML markup files
[0.649s] -- Configuring done
[0.653s] -- Generating done
[0.656s] -- Build files have been written to: /home/aboidrees/Desktop/my_bot/build/my_bot
[0.660s] Invoked command in '/home/aboidrees/Desktop/my_bot/build/my_bot' returned '0': CMAKE_PREFIX_PATH=/opt/ros/foxy /usr/bin/cmake /home/aboidrees/Desktop/my_bot -DCMAKE_INSTALL_PREFIX=/home/aboidrees/Desktop/my_bot/install/my_bot
[0.665s] Invoking command in '/home/aboidrees/Desktop/my_bot/build/my_bot': CMAKE_PREFIX_PATH=/opt/ros/foxy /usr/bin/cmake --build /home/aboidrees/Desktop/my_bot/build/my_bot -- -j4 -l4
[0.730s] Invoked command in '/home/aboidrees/Desktop/my_bot/build/my_bot' returned '0': CMAKE_PREFIX_PATH=/opt/ros/foxy /usr/bin/cmake --build /home/aboidrees/Desktop/my_bot/build/my_bot -- -j4 -l4
[0.748s] Invoking command in '/home/aboidrees/Desktop/my_bot/build/my_bot': CMAKE_PREFIX_PATH=/opt/ros/foxy /usr/bin/cmake --install /home/aboidrees/Desktop/my_bot/build/my_bot
[0.761s] -- Install configuration: ""
[0.761s] -- Execute custom install script
[0.763s] -- Up-to-date symlink: /home/aboidrees/Desktop/my_bot/install/my_bot/share/my_bot/config/empty.yaml
[0.763s] -- Up-to-date symlink: /home/aboidrees/Desktop/my_bot/install/my_bot/share/my_bot/config/view_bot.rviz
[0.763s] -- Up-to-date symlink: /home/aboidrees/Desktop/my_bot/install/my_bot/share/my_bot/description/robot.urdf.xacro
[0.764s] -- Up-to-date symlink: /home/aboidrees/Desktop/my_bot/install/my_bot/share/my_bot/description/robot_core.xacro
[0.764s] -- Up-to-date symlink: /home/aboidrees/Desktop/my_bot/install/my_bot/share/my_bot/launch/rsp.launch.py
[0.765s] -- Up-to-date symlink: /home/aboidrees/Desktop/my_bot/install/my_bot/share/my_bot/worlds/empty.world
[0.765s] -- Up-to-date symlink: /home/aboidrees/Desktop/my_bot/install/my_bot/share/ament_index/resource_index/package_run_dependencies/my_bot
[0.766s] -- Up-to-date symlink: /home/aboidrees/Desktop/my_bot/install/my_bot/share/ament_index/resource_index/parent_prefix_path/my_bot
[0.766s] -- Up-to-date symlink: /home/aboidrees/Desktop/my_bot/install/my_bot/share/my_bot/environment/ament_prefix_path.sh
[0.767s] -- Up-to-date symlink: /home/aboidrees/Desktop/my_bot/install/my_bot/share/my_bot/environment/ament_prefix_path.dsv
[0.767s] -- Up-to-date symlink: /home/aboidrees/Desktop/my_bot/install/my_bot/share/my_bot/environment/path.sh
[0.768s] -- Up-to-date symlink: /home/aboidrees/Desktop/my_bot/install/my_bot/share/my_bot/environment/path.dsv
[0.768s] -- Up-to-date symlink: /home/aboidrees/Desktop/my_bot/install/my_bot/share/my_bot/local_setup.bash
[0.769s] -- Up-to-date symlink: /home/aboidrees/Desktop/my_bot/install/my_bot/share/my_bot/local_setup.sh
[0.769s] -- Up-to-date symlink: /home/aboidrees/Desktop/my_bot/install/my_bot/share/my_bot/local_setup.zsh
[0.770s] -- Up-to-date symlink: /home/aboidrees/Desktop/my_bot/install/my_bot/share/my_bot/local_setup.dsv
[0.770s] -- Symlinking: /home/aboidrees/Desktop/my_bot/install/my_bot/share/my_bot/package.dsv
[0.786s] -- Up-to-date symlink: /home/aboidrees/Desktop/my_bot/install/my_bot/share/ament_index/resource_index/packages/my_bot
[0.786s] -- Up-to-date symlink: /home/aboidrees/Desktop/my_bot/install/my_bot/share/my_bot/cmake/my_botConfig.cmake
[0.786s] -- Up-to-date symlink: /home/aboidrees/Desktop/my_bot/install/my_bot/share/my_bot/cmake/my_botConfig-version.cmake
[0.787s] -- Up-to-date symlink: /home/aboidrees/Desktop/my_bot/install/my_bot/share/my_bot/package.xml
[0.791s] Invoked command in '/home/aboidrees/Desktop/my_bot/build/my_bot' returned '0': CMAKE_PREFIX_PATH=/opt/ros/foxy /usr/bin/cmake --install /home/aboidrees/Desktop/my_bot/build/my_bot
