[0.927s] DEBUG:colcon:Command line arguments: ['/usr/bin/colcon', 'build', '--symlink-install']
[0.927s] DEBUG:colcon:Parsed command line arguments: Namespace(allow_overriding=[], ament_cmake_args=None, base_paths=['.'], build_base='build', catkin_cmake_args=None, catkin_skip_building_tests=False, cmake_args=None, cmake_clean_cache=False, cmake_clean_first=False, cmake_force_configure=False, cmake_target=None, cmake_target_skip_unavailable=False, continue_on_error=False, event_handlers=None, executor='parallel', ignore_user_meta=False, install_base='install', log_base=None, log_level=None, main=<bound method BuildVerb.main of <colcon_core.verb.build.BuildVerb object at 0x7f70d26667f0>>, merge_install=False, metas=['./colcon.meta'], mixin=None, mixin_files=None, mixin_verb=('build',), packages_above=None, packages_above_and_dependencies=None, packages_above_depth=None, packages_end=None, packages_ignore=None, packages_ignore_regex=None, packages_select=None, packages_select_build_failed=False, packages_select_by_dep=None, packages_select_regex=None, packages_select_test_failures=False, packages_skip=None, packages_skip_build_finished=False, packages_skip_by_dep=None, packages_skip_regex=None, packages_skip_test_passed=False, packages_skip_up_to=None, packages_start=None, packages_up_to=None, packages_up_to_regex=None, parallel_workers=4, paths=None, symlink_install=True, test_result_base=None, verb_extension=<colcon_core.verb.build.BuildVerb object at 0x7f70d26667f0>, verb_name='build', verb_parser=<colcon_mixin.mixin.mixin_argument.MixinArgumentDecorator object at 0x7f70d25d62b0>)
[1.333s] Level 1:colcon.colcon_core.package_discovery:discover_packages(colcon_meta) check parameters
[1.334s] Level 1:colcon.colcon_core.package_discovery:discover_packages(recursive) check parameters
[1.334s] Level 1:colcon.colcon_core.package_discovery:discover_packages(ignore) check parameters
[1.334s] Level 1:colcon.colcon_core.package_discovery:discover_packages(path) check parameters
[1.334s] Level 1:colcon.colcon_core.package_discovery:discover_packages(colcon_meta) discover
[1.334s] Level 1:colcon.colcon_core.package_discovery:discover_packages(recursive) discover
[1.334s] INFO:colcon.colcon_core.package_discovery:Crawling recursively for packages in '/home/aboidrees/Desktop/my_bot'
[1.334s] Level 1:colcon.colcon_core.package_identification:_identify(.) by extensions ['ignore', 'ignore_ament_install']
[1.334s] Level 1:colcon.colcon_core.package_identification:_identify(.) by extension 'ignore'
[1.334s] Level 1:colcon.colcon_core.package_identification:_identify(.) by extension 'ignore_ament_install'
[1.335s] Level 1:colcon.colcon_core.package_identification:_identify(.) by extensions ['colcon_pkg']
[1.335s] Level 1:colcon.colcon_core.package_identification:_identify(.) by extension 'colcon_pkg'
[1.335s] Level 1:colcon.colcon_core.package_identification:_identify(.) by extensions ['colcon_meta']
[1.335s] Level 1:colcon.colcon_core.package_identification:_identify(.) by extension 'colcon_meta'
[1.335s] Level 1:colcon.colcon_core.package_identification:_identify(.) by extensions ['ros']
[1.335s] Level 1:colcon.colcon_core.package_identification:_identify(.) by extension 'ros'
[1.366s] DEBUG:colcon.colcon_core.package_identification:Package '.' with type 'ros.ament_cmake' and name 'my_bot'
[1.366s] Level 1:colcon.colcon_core.package_discovery:discover_packages(recursive) using defaults
[1.366s] Level 1:colcon.colcon_core.package_discovery:discover_packages(ignore) discover
[1.366s] Level 1:colcon.colcon_core.package_discovery:discover_packages(ignore) using defaults
[1.366s] Level 1:colcon.colcon_core.package_discovery:discover_packages(path) discover
[1.366s] Level 1:colcon.colcon_core.package_discovery:discover_packages(path) using defaults
[1.408s] Level 1:colcon.colcon_core.package_discovery:discover_packages(prefix_path) check parameters
[1.408s] Level 1:colcon.colcon_core.package_discovery:discover_packages(prefix_path) discover
[1.417s] DEBUG:colcon.colcon_installed_package_information.package_discovery:Found 267 installed packages in /opt/ros/foxy
[1.422s] Level 1:colcon.colcon_core.package_discovery:discover_packages(prefix_path) using defaults
[1.600s] Level 5:colcon.colcon_core.verb:set package 'my_bot' build argument 'cmake_args' from command line to 'None'
[1.600s] Level 5:colcon.colcon_core.verb:set package 'my_bot' build argument 'cmake_target' from command line to 'None'
[1.600s] Level 5:colcon.colcon_core.verb:set package 'my_bot' build argument 'cmake_target_skip_unavailable' from command line to 'False'
[1.600s] Level 5:colcon.colcon_core.verb:set package 'my_bot' build argument 'cmake_clean_cache' from command line to 'False'
[1.600s] Level 5:colcon.colcon_core.verb:set package 'my_bot' build argument 'cmake_clean_first' from command line to 'False'
[1.601s] Level 5:colcon.colcon_core.verb:set package 'my_bot' build argument 'cmake_force_configure' from command line to 'False'
[1.601s] Level 5:colcon.colcon_core.verb:set package 'my_bot' build argument 'ament_cmake_args' from command line to 'None'
[1.601s] Level 5:colcon.colcon_core.verb:set package 'my_bot' build argument 'catkin_cmake_args' from command line to 'None'
[1.601s] Level 5:colcon.colcon_core.verb:set package 'my_bot' build argument 'catkin_skip_building_tests' from command line to 'False'
[1.601s] DEBUG:colcon.colcon_core.verb:Building package 'my_bot' with the following arguments: {'ament_cmake_args': None, 'build_base': '/home/aboidrees/Desktop/my_bot/build/my_bot', 'catkin_cmake_args': None, 'catkin_skip_building_tests': False, 'cmake_args': None, 'cmake_clean_cache': False, 'cmake_clean_first': False, 'cmake_force_configure': False, 'cmake_target': None, 'cmake_target_skip_unavailable': False, 'install_base': '/home/aboidrees/Desktop/my_bot/install/my_bot', 'merge_install': False, 'path': '/home/aboidrees/Desktop/my_bot', 'symlink_install': True, 'test_result_base': None}
[1.601s] INFO:colcon.colcon_core.executor:Executing jobs using 'parallel' executor
[1.603s] DEBUG:colcon.colcon_parallel_executor.executor.parallel:run_until_complete
[1.603s] INFO:colcon.colcon_ros.task.ament_cmake.build:Building ROS package in '/home/aboidrees/Desktop/my_bot' with build type 'ament_cmake'
[1.603s] INFO:colcon.colcon_cmake.task.cmake.build:Building CMake package in '/home/aboidrees/Desktop/my_bot'
[1.616s] INFO:colcon.colcon_core.plugin_system:Skipping extension 'colcon_core.shell.bat': Not used on non-Windows systems
[1.616s] INFO:colcon.colcon_core.shell:Skip shell extension 'powershell' for command environment: Not usable outside of PowerShell
[1.616s] DEBUG:colcon.colcon_core.shell:Skip shell extension 'dsv' for command environment
[1.629s] DEBUG:colcon.colcon_core.event_handler.log_command:Invoking command in '/home/aboidrees/Desktop/my_bot/build/my_bot': CMAKE_PREFIX_PATH=/opt/ros/foxy /usr/bin/cmake /home/aboidrees/Desktop/my_bot -DAMENT_CMAKE_SYMLINK_INSTALL=1 -DCMAKE_INSTALL_PREFIX=/home/aboidrees/Desktop/my_bot/install/my_bot
[3.460s] DEBUG:colcon.colcon_core.event_handler.log_command:Invoked command in '/home/aboidrees/Desktop/my_bot/build/my_bot' returned '0': CMAKE_PREFIX_PATH=/opt/ros/foxy /usr/bin/cmake /home/aboidrees/Desktop/my_bot -DAMENT_CMAKE_SYMLINK_INSTALL=1 -DCMAKE_INSTALL_PREFIX=/home/aboidrees/Desktop/my_bot/install/my_bot
[3.465s] DEBUG:colcon.colcon_core.event_handler.log_command:Invoking command in '/home/aboidrees/Desktop/my_bot/build/my_bot': CMAKE_PREFIX_PATH=/opt/ros/foxy /usr/bin/cmake --build /home/aboidrees/Desktop/my_bot/build/my_bot -- -j4 -l4
[3.532s] DEBUG:colcon.colcon_core.event_handler.log_command:Invoked command in '/home/aboidrees/Desktop/my_bot/build/my_bot' returned '0': CMAKE_PREFIX_PATH=/opt/ros/foxy /usr/bin/cmake --build /home/aboidrees/Desktop/my_bot/build/my_bot -- -j4 -l4
[3.554s] DEBUG:colcon.colcon_core.event_handler.log_command:Invoking command in '/home/aboidrees/Desktop/my_bot/build/my_bot': CMAKE_PREFIX_PATH=/opt/ros/foxy /usr/bin/cmake --install /home/aboidrees/Desktop/my_bot/build/my_bot
[3.874s] Level 1:colcon.colcon_core.environment:create_environment_scripts_only(my_bot)
[3.875s] DEBUG:colcon.colcon_core.event_handler.log_command:Invoked command in '/home/aboidrees/Desktop/my_bot/build/my_bot' returned '0': CMAKE_PREFIX_PATH=/opt/ros/foxy /usr/bin/cmake --install /home/aboidrees/Desktop/my_bot/build/my_bot
[3.894s] Level 1:colcon.colcon_core.environment:checking '/home/aboidrees/Desktop/my_bot/install/my_bot' for CMake module files
[3.896s] Level 1:colcon.colcon_core.environment:checking '/home/aboidrees/Desktop/my_bot/install/my_bot' for CMake config files
[3.896s] Level 1:colcon.colcon_core.shell:create_environment_hook('my_bot', 'cmake_prefix_path')
[3.896s] INFO:colcon.colcon_core.shell:Creating environment hook '/home/aboidrees/Desktop/my_bot/install/my_bot/share/my_bot/hook/cmake_prefix_path.ps1'
[3.898s] INFO:colcon.colcon_core.shell:Creating environment descriptor '/home/aboidrees/Desktop/my_bot/install/my_bot/share/my_bot/hook/cmake_prefix_path.dsv'
[3.900s] INFO:colcon.colcon_core.shell:Creating environment hook '/home/aboidrees/Desktop/my_bot/install/my_bot/share/my_bot/hook/cmake_prefix_path.sh'
[3.902s] Level 1:colcon.colcon_core.environment:checking '/home/aboidrees/Desktop/my_bot/install/my_bot/bin'
[3.902s] Level 1:colcon.colcon_core.environment:checking '/home/aboidrees/Desktop/my_bot/install/my_bot/lib/pkgconfig/my_bot.pc'
[3.902s] Level 1:colcon.colcon_core.environment:checking '/home/aboidrees/Desktop/my_bot/install/my_bot/lib/python3.8/site-packages'
[3.903s] Level 1:colcon.colcon_core.environment:checking '/home/aboidrees/Desktop/my_bot/install/my_bot/bin'
[3.903s] INFO:colcon.colcon_core.shell:Creating package script '/home/aboidrees/Desktop/my_bot/install/my_bot/share/my_bot/package.ps1'
[3.905s] INFO:colcon.colcon_core.shell:Creating package descriptor '/home/aboidrees/Desktop/my_bot/install/my_bot/share/my_bot/package.dsv'
[3.907s] INFO:colcon.colcon_core.shell:Creating package script '/home/aboidrees/Desktop/my_bot/install/my_bot/share/my_bot/package.sh'
[3.909s] INFO:colcon.colcon_core.shell:Creating package script '/home/aboidrees/Desktop/my_bot/install/my_bot/share/my_bot/package.bash'
[3.911s] INFO:colcon.colcon_core.shell:Creating package script '/home/aboidrees/Desktop/my_bot/install/my_bot/share/my_bot/package.zsh'
[3.913s] Level 1:colcon.colcon_core.environment:create_file_with_runtime_dependencies(/home/aboidrees/Desktop/my_bot/install/my_bot/share/colcon-core/packages/my_bot)
[3.914s] Level 1:colcon.colcon_core.environment:create_environment_scripts_only(my_bot)
[3.915s] Level 1:colcon.colcon_core.environment:checking '/home/aboidrees/Desktop/my_bot/install/my_bot' for CMake module files
[3.915s] Level 1:colcon.colcon_core.environment:checking '/home/aboidrees/Desktop/my_bot/install/my_bot' for CMake config files
[3.916s] Level 1:colcon.colcon_core.shell:create_environment_hook('my_bot', 'cmake_prefix_path')
[3.916s] INFO:colcon.colcon_core.shell:Creating environment hook '/home/aboidrees/Desktop/my_bot/install/my_bot/share/my_bot/hook/cmake_prefix_path.ps1'
[3.917s] INFO:colcon.colcon_core.shell:Creating environment descriptor '/home/aboidrees/Desktop/my_bot/install/my_bot/share/my_bot/hook/cmake_prefix_path.dsv'
[3.917s] INFO:colcon.colcon_core.shell:Creating environment hook '/home/aboidrees/Desktop/my_bot/install/my_bot/share/my_bot/hook/cmake_prefix_path.sh'
[3.918s] Level 1:colcon.colcon_core.environment:checking '/home/aboidrees/Desktop/my_bot/install/my_bot/bin'
[3.918s] Level 1:colcon.colcon_core.environment:checking '/home/aboidrees/Desktop/my_bot/install/my_bot/lib/pkgconfig/my_bot.pc'
[3.919s] Level 1:colcon.colcon_core.environment:checking '/home/aboidrees/Desktop/my_bot/install/my_bot/lib/python3.8/site-packages'
[3.919s] Level 1:colcon.colcon_core.environment:checking '/home/aboidrees/Desktop/my_bot/install/my_bot/bin'
[3.920s] INFO:colcon.colcon_core.shell:Creating package script '/home/aboidrees/Desktop/my_bot/install/my_bot/share/my_bot/package.ps1'
[3.921s] INFO:colcon.colcon_core.shell:Creating package descriptor '/home/aboidrees/Desktop/my_bot/install/my_bot/share/my_bot/package.dsv'
[3.922s] INFO:colcon.colcon_core.shell:Creating package script '/home/aboidrees/Desktop/my_bot/install/my_bot/share/my_bot/package.sh'
[3.922s] INFO:colcon.colcon_core.shell:Creating package script '/home/aboidrees/Desktop/my_bot/install/my_bot/share/my_bot/package.bash'
[3.923s] INFO:colcon.colcon_core.shell:Creating package script '/home/aboidrees/Desktop/my_bot/install/my_bot/share/my_bot/package.zsh'
[3.924s] Level 1:colcon.colcon_core.environment:create_file_with_runtime_dependencies(/home/aboidrees/Desktop/my_bot/install/my_bot/share/colcon-core/packages/my_bot)
[3.924s] DEBUG:colcon.colcon_parallel_executor.executor.parallel:closing loop
[3.925s] DEBUG:colcon.colcon_parallel_executor.executor.parallel:loop closed
[3.925s] DEBUG:colcon.colcon_parallel_executor.executor.parallel:run_until_complete finished with '0'
[3.925s] DEBUG:colcon.colcon_core.event_reactor:joining thread
[3.939s] INFO:colcon.colcon_core.plugin_system:Skipping extension 'colcon_notification.desktop_notification.terminal_notifier': Not used on non-Darwin systems
[3.939s] INFO:colcon.colcon_core.plugin_system:Skipping extension 'colcon_notification.desktop_notification.win32': Not used on non-Windows systems
[3.939s] INFO:colcon.colcon_notification.desktop_notification:Sending desktop notification using 'notify2'
[4.187s] DEBUG:colcon.colcon_core.event_reactor:joined thread
[4.187s] INFO:colcon.colcon_core.shell:Creating prefix script '/home/aboidrees/Desktop/my_bot/install/local_setup.ps1'
[4.189s] INFO:colcon.colcon_core.shell:Creating prefix util module '/home/aboidrees/Desktop/my_bot/install/_local_setup_util_ps1.py'
[4.193s] INFO:colcon.colcon_core.shell:Creating prefix chain script '/home/aboidrees/Desktop/my_bot/install/setup.ps1'
[4.195s] INFO:colcon.colcon_core.shell:Creating prefix script '/home/aboidrees/Desktop/my_bot/install/local_setup.sh'
[4.197s] INFO:colcon.colcon_core.shell:Creating prefix util module '/home/aboidrees/Desktop/my_bot/install/_local_setup_util_sh.py'
[4.198s] INFO:colcon.colcon_core.shell:Creating prefix chain script '/home/aboidrees/Desktop/my_bot/install/setup.sh'
[4.200s] INFO:colcon.colcon_core.shell:Creating prefix script '/home/aboidrees/Desktop/my_bot/install/local_setup.bash'
[4.201s] INFO:colcon.colcon_core.shell:Creating prefix chain script '/home/aboidrees/Desktop/my_bot/install/setup.bash'
[4.203s] INFO:colcon.colcon_core.shell:Creating prefix script '/home/aboidrees/Desktop/my_bot/install/local_setup.zsh'
[4.205s] INFO:colcon.colcon_core.shell:Creating prefix chain script '/home/aboidrees/Desktop/my_bot/install/setup.zsh'
