[0.900s] DEBUG:colcon:Command line arguments: ['/usr/bin/colcon', 'build', '--symlink-install']
[0.900s] DEBUG:colcon:Parsed command line arguments: Namespace(allow_overriding=[], ament_cmake_args=None, base_paths=['.'], build_base='build', catkin_cmake_args=None, catkin_skip_building_tests=False, cmake_args=None, cmake_clean_cache=False, cmake_clean_first=False, cmake_force_configure=False, cmake_target=None, cmake_target_skip_unavailable=False, continue_on_error=False, event_handlers=None, executor='parallel', ignore_user_meta=False, install_base='install', log_base=None, log_level=None, main=<bound method BuildVerb.main of <colcon_core.verb.build.BuildVerb object at 0xffffb9dcd2b0>>, merge_install=False, metas=['./colcon.meta'], mixin=None, mixin_files=None, mixin_verb=('build',), packages_above=None, packages_above_and_dependencies=None, packages_above_depth=None, packages_end=None, packages_ignore=None, packages_ignore_regex=None, packages_select=None, packages_select_build_failed=False, packages_select_by_dep=None, packages_select_regex=None, packages_select_test_failures=False, packages_skip=None, packages_skip_build_finished=False, packages_skip_by_dep=None, packages_skip_regex=None, packages_skip_test_passed=False, packages_skip_up_to=None, packages_start=None, packages_up_to=None, packages_up_to_regex=None, parallel_workers=4, paths=None, symlink_install=True, test_result_base=None, verb_extension=<colcon_core.verb.build.BuildVerb object at 0xffffb9dcd2b0>, verb_name='build', verb_parser=<colcon_mixin.mixin.mixin_argument.MixinArgumentDecorator object at 0xffffb9d08340>)
[1.684s] Level 1:colcon.colcon_core.package_discovery:discover_packages(colcon_meta) check parameters
[1.685s] Level 1:colcon.colcon_core.package_discovery:discover_packages(recursive) check parameters
[1.685s] Level 1:colcon.colcon_core.package_discovery:discover_packages(ignore) check parameters
[1.685s] Level 1:colcon.colcon_core.package_discovery:discover_packages(path) check parameters
[1.685s] Level 1:colcon.colcon_core.package_discovery:discover_packages(colcon_meta) discover
[1.685s] Level 1:colcon.colcon_core.package_discovery:discover_packages(recursive) discover
[1.686s] INFO:colcon.colcon_core.package_discovery:Crawling recursively for packages in '/home/robo/dev_ws/my_bot'
[1.686s] Level 1:colcon.colcon_core.package_identification:_identify(.) by extensions ['ignore', 'ignore_ament_install']
[1.687s] Level 1:colcon.colcon_core.package_identification:_identify(.) by extension 'ignore'
[1.687s] Level 1:colcon.colcon_core.package_identification:_identify(.) by extension 'ignore_ament_install'
[1.687s] Level 1:colcon.colcon_core.package_identification:_identify(.) by extensions ['colcon_pkg']
[1.687s] Level 1:colcon.colcon_core.package_identification:_identify(.) by extension 'colcon_pkg'
[1.688s] Level 1:colcon.colcon_core.package_identification:_identify(.) by extensions ['colcon_meta']
[1.688s] Level 1:colcon.colcon_core.package_identification:_identify(.) by extension 'colcon_meta'
[1.688s] Level 1:colcon.colcon_core.package_identification:_identify(.) by extensions ['ros']
[1.688s] Level 1:colcon.colcon_core.package_identification:_identify(.) by extension 'ros'
[1.745s] DEBUG:colcon.colcon_core.package_identification:Package '.' with type 'ros.ament_cmake' and name 'my_bot'
[1.745s] Level 1:colcon.colcon_core.package_discovery:discover_packages(recursive) using defaults
[1.746s] Level 1:colcon.colcon_core.package_discovery:discover_packages(ignore) discover
[1.746s] Level 1:colcon.colcon_core.package_discovery:discover_packages(ignore) using defaults
[1.746s] Level 1:colcon.colcon_core.package_discovery:discover_packages(path) discover
[1.746s] Level 1:colcon.colcon_core.package_discovery:discover_packages(path) using defaults
[1.808s] Level 1:colcon.colcon_core.package_discovery:discover_packages(prefix_path) check parameters
[1.809s] Level 1:colcon.colcon_core.package_discovery:discover_packages(prefix_path) discover
[1.822s] DEBUG:colcon.colcon_installed_package_information.package_discovery:Found 1 installed packages in /home/robo/dev_ws/my_bot/install
[1.833s] DEBUG:colcon.colcon_installed_package_information.package_discovery:Found 331 installed packages in /opt/ros/foxy
[1.878s] Level 1:colcon.colcon_core.package_discovery:discover_packages(prefix_path) using defaults
[2.321s] Level 5:colcon.colcon_core.verb:set package 'my_bot' build argument 'cmake_args' from command line to 'None'
[2.321s] Level 5:colcon.colcon_core.verb:set package 'my_bot' build argument 'cmake_target' from command line to 'None'
[2.321s] Level 5:colcon.colcon_core.verb:set package 'my_bot' build argument 'cmake_target_skip_unavailable' from command line to 'False'
[2.321s] Level 5:colcon.colcon_core.verb:set package 'my_bot' build argument 'cmake_clean_cache' from command line to 'False'
[2.321s] Level 5:colcon.colcon_core.verb:set package 'my_bot' build argument 'cmake_clean_first' from command line to 'False'
[2.321s] Level 5:colcon.colcon_core.verb:set package 'my_bot' build argument 'cmake_force_configure' from command line to 'False'
[2.321s] Level 5:colcon.colcon_core.verb:set package 'my_bot' build argument 'ament_cmake_args' from command line to 'None'
[2.322s] Level 5:colcon.colcon_core.verb:set package 'my_bot' build argument 'catkin_cmake_args' from command line to 'None'
[2.322s] Level 5:colcon.colcon_core.verb:set package 'my_bot' build argument 'catkin_skip_building_tests' from command line to 'False'
[2.322s] DEBUG:colcon.colcon_core.verb:Building package 'my_bot' with the following arguments: {'ament_cmake_args': None, 'build_base': '/home/robo/dev_ws/my_bot/build/my_bot', 'catkin_cmake_args': None, 'catkin_skip_building_tests': False, 'cmake_args': None, 'cmake_clean_cache': False, 'cmake_clean_first': False, 'cmake_force_configure': False, 'cmake_target': None, 'cmake_target_skip_unavailable': False, 'install_base': '/home/robo/dev_ws/my_bot/install/my_bot', 'merge_install': False, 'path': '/home/robo/dev_ws/my_bot', 'symlink_install': True, 'test_result_base': None}
[2.323s] INFO:colcon.colcon_core.executor:Executing jobs using 'parallel' executor
[2.326s] DEBUG:colcon.colcon_parallel_executor.executor.parallel:run_until_complete
[2.327s] INFO:colcon.colcon_ros.task.ament_cmake.build:Building ROS package in '/home/robo/dev_ws/my_bot' with build type 'ament_cmake'
[2.328s] INFO:colcon.colcon_cmake.task.cmake.build:Building CMake package in '/home/robo/dev_ws/my_bot'
[2.336s] INFO:colcon.colcon_core.plugin_system:Skipping extension 'colcon_core.shell.bat': Not used on non-Windows systems
[2.337s] INFO:colcon.colcon_core.shell:Skip shell extension 'powershell' for command environment: Not usable outside of PowerShell
[2.338s] DEBUG:colcon.colcon_core.shell:Skip shell extension 'dsv' for command environment
[2.380s] DEBUG:colcon.colcon_core.event_handler.log_command:Invoking command in '/home/robo/dev_ws/my_bot/build/my_bot': CMAKE_PREFIX_PATH=${CMAKE_PREFIX_PATH}:/opt/ros/foxy /usr/bin/cmake --build /home/robo/dev_ws/my_bot/build/my_bot -- -j4 -l4
[2.557s] DEBUG:colcon.colcon_core.event_handler.log_command:Invoked command in '/home/robo/dev_ws/my_bot/build/my_bot' returned '0': CMAKE_PREFIX_PATH=${CMAKE_PREFIX_PATH}:/opt/ros/foxy /usr/bin/cmake --build /home/robo/dev_ws/my_bot/build/my_bot -- -j4 -l4
[2.612s] DEBUG:colcon.colcon_core.event_handler.log_command:Invoking command in '/home/robo/dev_ws/my_bot/build/my_bot': CMAKE_PREFIX_PATH=${CMAKE_PREFIX_PATH}:/opt/ros/foxy /usr/bin/cmake --install /home/robo/dev_ws/my_bot/build/my_bot
[2.766s] Level 1:colcon.colcon_core.environment:create_environment_scripts_only(my_bot)
[2.768s] DEBUG:colcon.colcon_core.event_handler.log_command:Invoked command in '/home/robo/dev_ws/my_bot/build/my_bot' returned '0': CMAKE_PREFIX_PATH=${CMAKE_PREFIX_PATH}:/opt/ros/foxy /usr/bin/cmake --install /home/robo/dev_ws/my_bot/build/my_bot
[2.779s] Level 1:colcon.colcon_core.environment:checking '/home/robo/dev_ws/my_bot/install/my_bot' for CMake module files
[2.782s] Level 1:colcon.colcon_core.environment:checking '/home/robo/dev_ws/my_bot/install/my_bot' for CMake config files
[2.784s] Level 1:colcon.colcon_core.shell:create_environment_hook('my_bot', 'cmake_prefix_path')
[2.785s] INFO:colcon.colcon_core.shell:Creating environment hook '/home/robo/dev_ws/my_bot/install/my_bot/share/my_bot/hook/cmake_prefix_path.ps1'
[2.788s] INFO:colcon.colcon_core.shell:Creating environment descriptor '/home/robo/dev_ws/my_bot/install/my_bot/share/my_bot/hook/cmake_prefix_path.dsv'
[2.791s] INFO:colcon.colcon_core.shell:Creating environment hook '/home/robo/dev_ws/my_bot/install/my_bot/share/my_bot/hook/cmake_prefix_path.sh'
[2.795s] Level 1:colcon.colcon_core.environment:checking '/home/robo/dev_ws/my_bot/install/my_bot/bin'
[2.795s] Level 1:colcon.colcon_core.environment:checking '/home/robo/dev_ws/my_bot/install/my_bot/lib/pkgconfig/my_bot.pc'
[2.796s] Level 1:colcon.colcon_core.environment:checking '/home/robo/dev_ws/my_bot/install/my_bot/lib/python3.8/site-packages'
[2.797s] Level 1:colcon.colcon_core.environment:checking '/home/robo/dev_ws/my_bot/install/my_bot/bin'
[2.799s] INFO:colcon.colcon_core.shell:Creating package script '/home/robo/dev_ws/my_bot/install/my_bot/share/my_bot/package.ps1'
[2.802s] INFO:colcon.colcon_core.shell:Creating package descriptor '/home/robo/dev_ws/my_bot/install/my_bot/share/my_bot/package.dsv'
[2.805s] INFO:colcon.colcon_core.shell:Creating package script '/home/robo/dev_ws/my_bot/install/my_bot/share/my_bot/package.sh'
[2.808s] INFO:colcon.colcon_core.shell:Creating package script '/home/robo/dev_ws/my_bot/install/my_bot/share/my_bot/package.bash'
[2.812s] INFO:colcon.colcon_core.shell:Creating package script '/home/robo/dev_ws/my_bot/install/my_bot/share/my_bot/package.zsh'
[2.815s] Level 1:colcon.colcon_core.environment:create_file_with_runtime_dependencies(/home/robo/dev_ws/my_bot/install/my_bot/share/colcon-core/packages/my_bot)
[2.818s] Level 1:colcon.colcon_core.environment:create_environment_scripts_only(my_bot)
[2.819s] Level 1:colcon.colcon_core.environment:checking '/home/robo/dev_ws/my_bot/install/my_bot' for CMake module files
[2.822s] Level 1:colcon.colcon_core.environment:checking '/home/robo/dev_ws/my_bot/install/my_bot' for CMake config files
[2.824s] Level 1:colcon.colcon_core.shell:create_environment_hook('my_bot', 'cmake_prefix_path')
[2.825s] INFO:colcon.colcon_core.shell:Creating environment hook '/home/robo/dev_ws/my_bot/install/my_bot/share/my_bot/hook/cmake_prefix_path.ps1'
[2.827s] INFO:colcon.colcon_core.shell:Creating environment descriptor '/home/robo/dev_ws/my_bot/install/my_bot/share/my_bot/hook/cmake_prefix_path.dsv'
[2.829s] INFO:colcon.colcon_core.shell:Creating environment hook '/home/robo/dev_ws/my_bot/install/my_bot/share/my_bot/hook/cmake_prefix_path.sh'
[2.832s] Level 1:colcon.colcon_core.environment:checking '/home/robo/dev_ws/my_bot/install/my_bot/bin'
[2.832s] Level 1:colcon.colcon_core.environment:checking '/home/robo/dev_ws/my_bot/install/my_bot/lib/pkgconfig/my_bot.pc'
[2.833s] Level 1:colcon.colcon_core.environment:checking '/home/robo/dev_ws/my_bot/install/my_bot/lib/python3.8/site-packages'
[2.834s] Level 1:colcon.colcon_core.environment:checking '/home/robo/dev_ws/my_bot/install/my_bot/bin'
[2.836s] INFO:colcon.colcon_core.shell:Creating package script '/home/robo/dev_ws/my_bot/install/my_bot/share/my_bot/package.ps1'
[2.839s] INFO:colcon.colcon_core.shell:Creating package descriptor '/home/robo/dev_ws/my_bot/install/my_bot/share/my_bot/package.dsv'
[2.841s] INFO:colcon.colcon_core.shell:Creating package script '/home/robo/dev_ws/my_bot/install/my_bot/share/my_bot/package.sh'
[2.843s] INFO:colcon.colcon_core.shell:Creating package script '/home/robo/dev_ws/my_bot/install/my_bot/share/my_bot/package.bash'
[2.845s] INFO:colcon.colcon_core.shell:Creating package script '/home/robo/dev_ws/my_bot/install/my_bot/share/my_bot/package.zsh'
[2.848s] Level 1:colcon.colcon_core.environment:create_file_with_runtime_dependencies(/home/robo/dev_ws/my_bot/install/my_bot/share/colcon-core/packages/my_bot)
[2.849s] DEBUG:colcon.colcon_parallel_executor.executor.parallel:closing loop
[2.850s] DEBUG:colcon.colcon_parallel_executor.executor.parallel:loop closed
[2.850s] DEBUG:colcon.colcon_parallel_executor.executor.parallel:run_until_complete finished with '0'
[2.851s] DEBUG:colcon.colcon_core.event_reactor:joining thread
[2.873s] INFO:colcon.colcon_core.plugin_system:Skipping extension 'colcon_notification.desktop_notification.terminal_notifier': Not used on non-Darwin systems
[2.873s] INFO:colcon.colcon_core.plugin_system:Skipping extension 'colcon_notification.desktop_notification.win32': Not used on non-Windows systems
[2.874s] INFO:colcon.colcon_notification.desktop_notification:Sending desktop notification using 'notify2'
[3.196s] DEBUG:colcon.colcon_core.event_reactor:joined thread
[3.197s] INFO:colcon.colcon_core.shell:Creating prefix script '/home/robo/dev_ws/my_bot/install/local_setup.ps1'
[3.201s] INFO:colcon.colcon_core.shell:Creating prefix util module '/home/robo/dev_ws/my_bot/install/_local_setup_util_ps1.py'
[3.207s] INFO:colcon.colcon_core.shell:Creating prefix chain script '/home/robo/dev_ws/my_bot/install/setup.ps1'
[3.212s] INFO:colcon.colcon_core.shell:Creating prefix script '/home/robo/dev_ws/my_bot/install/local_setup.sh'
[3.215s] INFO:colcon.colcon_core.shell:Creating prefix util module '/home/robo/dev_ws/my_bot/install/_local_setup_util_sh.py'
[3.218s] INFO:colcon.colcon_core.shell:Creating prefix chain script '/home/robo/dev_ws/my_bot/install/setup.sh'
[3.223s] INFO:colcon.colcon_core.shell:Creating prefix script '/home/robo/dev_ws/my_bot/install/local_setup.bash'
[3.226s] INFO:colcon.colcon_core.shell:Creating prefix chain script '/home/robo/dev_ws/my_bot/install/setup.bash'
[3.230s] INFO:colcon.colcon_core.shell:Creating prefix script '/home/robo/dev_ws/my_bot/install/local_setup.zsh'
[3.233s] INFO:colcon.colcon_core.shell:Creating prefix chain script '/home/robo/dev_ws/my_bot/install/setup.zsh'
