[0.365s] DEBUG:colcon:Command line arguments: ['/usr/bin/colcon', 'build', '--symlink-install']
[0.365s] DEBUG:colcon:Parsed command line arguments: Namespace(allow_overriding=[], ament_cmake_args=None, base_paths=['.'], build_base='build', catkin_cmake_args=None, catkin_skip_building_tests=False, cmake_args=None, cmake_clean_cache=False, cmake_clean_first=False, cmake_force_configure=False, cmake_target=None, cmake_target_skip_unavailable=False, continue_on_error=False, event_handlers=None, executor='parallel', ignore_user_meta=False, install_base='install', log_base=None, log_level=None, main=<bound method BuildVerb.main of <colcon_core.verb.build.BuildVerb object at 0x7f0314949b50>>, merge_install=False, metas=['./colcon.meta'], mixin=None, mixin_files=None, mixin_verb=('build',), packages_above=None, packages_above_and_dependencies=None, packages_above_depth=None, packages_end=None, packages_ignore=None, packages_ignore_regex=None, packages_select=None, packages_select_build_failed=False, packages_select_by_dep=None, packages_select_regex=None, packages_select_test_failures=False, packages_skip=None, packages_skip_build_finished=False, packages_skip_by_dep=None, packages_skip_regex=None, packages_skip_test_passed=False, packages_skip_up_to=None, packages_start=None, packages_up_to=None, packages_up_to_regex=None, parallel_workers=4, paths=None, symlink_install=True, test_result_base=None, verb_extension=<colcon_core.verb.build.BuildVerb object at 0x7f0314949b50>, verb_name='build', verb_parser=<colcon_mixin.mixin.mixin_argument.MixinArgumentDecorator object at 0x7f03148acaf0>)
[0.707s] Level 1:colcon.colcon_core.package_discovery:discover_packages(colcon_meta) check parameters
[0.708s] Level 1:colcon.colcon_core.package_discovery:discover_packages(recursive) check parameters
[0.708s] Level 1:colcon.colcon_core.package_discovery:discover_packages(ignore) check parameters
[0.708s] Level 1:colcon.colcon_core.package_discovery:discover_packages(path) check parameters
[0.708s] Level 1:colcon.colcon_core.package_discovery:discover_packages(colcon_meta) discover
[0.708s] Level 1:colcon.colcon_core.package_discovery:discover_packages(recursive) discover
[0.708s] INFO:colcon.colcon_core.package_discovery:Crawling recursively for packages in '/home/aboidrees/Desktop/my_bot'
[0.708s] Level 1:colcon.colcon_core.package_identification:_identify(.) by extensions ['ignore', 'ignore_ament_install']
[0.708s] Level 1:colcon.colcon_core.package_identification:_identify(.) by extension 'ignore'
[0.709s] Level 1:colcon.colcon_core.package_identification:_identify(.) by extension 'ignore_ament_install'
[0.709s] Level 1:colcon.colcon_core.package_identification:_identify(.) by extensions ['colcon_pkg']
[0.709s] Level 1:colcon.colcon_core.package_identification:_identify(.) by extension 'colcon_pkg'
[0.709s] Level 1:colcon.colcon_core.package_identification:_identify(.) by extensions ['colcon_meta']
[0.709s] Level 1:colcon.colcon_core.package_identification:_identify(.) by extension 'colcon_meta'
[0.709s] Level 1:colcon.colcon_core.package_identification:_identify(.) by extensions ['ros']
[0.709s] Level 1:colcon.colcon_core.package_identification:_identify(.) by extension 'ros'
[0.733s] DEBUG:colcon.colcon_core.package_identification:Package '.' with type 'ros.ament_cmake' and name 'my_bot'
[0.733s] Level 1:colcon.colcon_core.package_discovery:discover_packages(recursive) using defaults
[0.733s] Level 1:colcon.colcon_core.package_discovery:discover_packages(ignore) discover
[0.733s] Level 1:colcon.colcon_core.package_discovery:discover_packages(ignore) using defaults
[0.733s] Level 1:colcon.colcon_core.package_discovery:discover_packages(path) discover
[0.733s] Level 1:colcon.colcon_core.package_discovery:discover_packages(path) using defaults
[0.759s] Level 1:colcon.colcon_core.package_discovery:discover_packages(prefix_path) check parameters
[0.759s] Level 1:colcon.colcon_core.package_discovery:discover_packages(prefix_path) discover
[0.762s] DEBUG:colcon.colcon_installed_package_information.package_discovery:Found 1 installed packages in /home/aboidrees/Desktop/my_bot/install
[0.766s] DEBUG:colcon.colcon_installed_package_information.package_discovery:Found 386 installed packages in /opt/ros/foxy
[0.784s] Level 1:colcon.colcon_core.package_discovery:discover_packages(prefix_path) using defaults
[0.944s] Level 5:colcon.colcon_core.verb:set package 'my_bot' build argument 'cmake_args' from command line to 'None'
[0.944s] Level 5:colcon.colcon_core.verb:set package 'my_bot' build argument 'cmake_target' from command line to 'None'
[0.944s] Level 5:colcon.colcon_core.verb:set package 'my_bot' build argument 'cmake_target_skip_unavailable' from command line to 'False'
[0.944s] Level 5:colcon.colcon_core.verb:set package 'my_bot' build argument 'cmake_clean_cache' from command line to 'False'
[0.945s] Level 5:colcon.colcon_core.verb:set package 'my_bot' build argument 'cmake_clean_first' from command line to 'False'
[0.945s] Level 5:colcon.colcon_core.verb:set package 'my_bot' build argument 'cmake_force_configure' from command line to 'False'
[0.945s] Level 5:colcon.colcon_core.verb:set package 'my_bot' build argument 'ament_cmake_args' from command line to 'None'
[0.945s] Level 5:colcon.colcon_core.verb:set package 'my_bot' build argument 'catkin_cmake_args' from command line to 'None'
[0.945s] Level 5:colcon.colcon_core.verb:set package 'my_bot' build argument 'catkin_skip_building_tests' from command line to 'False'
[0.945s] DEBUG:colcon.colcon_core.verb:Building package 'my_bot' with the following arguments: {'ament_cmake_args': None, 'build_base': '/home/aboidrees/Desktop/my_bot/build/my_bot', 'catkin_cmake_args': None, 'catkin_skip_building_tests': False, 'cmake_args': None, 'cmake_clean_cache': False, 'cmake_clean_first': False, 'cmake_force_configure': False, 'cmake_target': None, 'cmake_target_skip_unavailable': False, 'install_base': '/home/aboidrees/Desktop/my_bot/install/my_bot', 'merge_install': False, 'path': '/home/aboidrees/Desktop/my_bot', 'symlink_install': True, 'test_result_base': None}
[0.945s] INFO:colcon.colcon_core.executor:Executing jobs using 'parallel' executor
[0.947s] DEBUG:colcon.colcon_parallel_executor.executor.parallel:run_until_complete
[0.949s] INFO:colcon.colcon_ros.task.ament_cmake.build:Building ROS package in '/home/aboidrees/Desktop/my_bot' with build type 'ament_cmake'
[0.949s] INFO:colcon.colcon_cmake.task.cmake.build:Building CMake package in '/home/aboidrees/Desktop/my_bot'
[0.953s] INFO:colcon.colcon_core.plugin_system:Skipping extension 'colcon_core.shell.bat': Not used on non-Windows systems
[0.953s] INFO:colcon.colcon_core.shell:Skip shell extension 'powershell' for command environment: Not usable outside of PowerShell
[0.953s] DEBUG:colcon.colcon_core.shell:Skip shell extension 'dsv' for command environment
[0.978s] DEBUG:colcon.colcon_core.event_handler.log_command:Invoking command in '/home/aboidrees/Desktop/my_bot/build/my_bot': CMAKE_PREFIX_PATH=${CMAKE_PREFIX_PATH}:/opt/ros/foxy /usr/bin/cmake --build /home/aboidrees/Desktop/my_bot/build/my_bot -- -j4 -l4
[1.063s] DEBUG:colcon.colcon_core.event_handler.log_command:Invoked command in '/home/aboidrees/Desktop/my_bot/build/my_bot' returned '0': CMAKE_PREFIX_PATH=${CMAKE_PREFIX_PATH}:/opt/ros/foxy /usr/bin/cmake --build /home/aboidrees/Desktop/my_bot/build/my_bot -- -j4 -l4
[1.092s] DEBUG:colcon.colcon_core.event_handler.log_command:Invoking command in '/home/aboidrees/Desktop/my_bot/build/my_bot': CMAKE_PREFIX_PATH=${CMAKE_PREFIX_PATH}:/opt/ros/foxy /usr/bin/cmake --install /home/aboidrees/Desktop/my_bot/build/my_bot
[1.157s] Level 1:colcon.colcon_core.environment:create_environment_scripts_only(my_bot)
[1.159s] DEBUG:colcon.colcon_core.event_handler.log_command:Invoked command in '/home/aboidrees/Desktop/my_bot/build/my_bot' returned '0': CMAKE_PREFIX_PATH=${CMAKE_PREFIX_PATH}:/opt/ros/foxy /usr/bin/cmake --install /home/aboidrees/Desktop/my_bot/build/my_bot
[1.163s] Level 1:colcon.colcon_core.environment:checking '/home/aboidrees/Desktop/my_bot/install/my_bot' for CMake module files
[1.164s] Level 1:colcon.colcon_core.environment:checking '/home/aboidrees/Desktop/my_bot/install/my_bot' for CMake config files
[1.164s] Level 1:colcon.colcon_core.shell:create_environment_hook('my_bot', 'cmake_prefix_path')
[1.165s] INFO:colcon.colcon_core.shell:Creating environment hook '/home/aboidrees/Desktop/my_bot/install/my_bot/share/my_bot/hook/cmake_prefix_path.ps1'
[1.166s] INFO:colcon.colcon_core.shell:Creating environment descriptor '/home/aboidrees/Desktop/my_bot/install/my_bot/share/my_bot/hook/cmake_prefix_path.dsv'
[1.167s] INFO:colcon.colcon_core.shell:Creating environment hook '/home/aboidrees/Desktop/my_bot/install/my_bot/share/my_bot/hook/cmake_prefix_path.sh'
[1.169s] Level 1:colcon.colcon_core.environment:checking '/home/aboidrees/Desktop/my_bot/install/my_bot/bin'
[1.169s] Level 1:colcon.colcon_core.environment:checking '/home/aboidrees/Desktop/my_bot/install/my_bot/lib/pkgconfig/my_bot.pc'
[1.169s] Level 1:colcon.colcon_core.environment:checking '/home/aboidrees/Desktop/my_bot/install/my_bot/lib/python3.8/site-packages'
[1.170s] Level 1:colcon.colcon_core.environment:checking '/home/aboidrees/Desktop/my_bot/install/my_bot/bin'
[1.170s] INFO:colcon.colcon_core.shell:Creating package script '/home/aboidrees/Desktop/my_bot/install/my_bot/share/my_bot/package.ps1'
[1.172s] INFO:colcon.colcon_core.shell:Creating package descriptor '/home/aboidrees/Desktop/my_bot/install/my_bot/share/my_bot/package.dsv'
[1.173s] INFO:colcon.colcon_core.shell:Creating package script '/home/aboidrees/Desktop/my_bot/install/my_bot/share/my_bot/package.sh'
[1.174s] INFO:colcon.colcon_core.shell:Creating package script '/home/aboidrees/Desktop/my_bot/install/my_bot/share/my_bot/package.bash'
[1.175s] INFO:colcon.colcon_core.shell:Creating package script '/home/aboidrees/Desktop/my_bot/install/my_bot/share/my_bot/package.zsh'
[1.176s] Level 1:colcon.colcon_core.environment:create_file_with_runtime_dependencies(/home/aboidrees/Desktop/my_bot/install/my_bot/share/colcon-core/packages/my_bot)
[1.178s] Level 1:colcon.colcon_core.environment:create_environment_scripts_only(my_bot)
[1.178s] Level 1:colcon.colcon_core.environment:checking '/home/aboidrees/Desktop/my_bot/install/my_bot' for CMake module files
[1.179s] Level 1:colcon.colcon_core.environment:checking '/home/aboidrees/Desktop/my_bot/install/my_bot' for CMake config files
[1.179s] Level 1:colcon.colcon_core.shell:create_environment_hook('my_bot', 'cmake_prefix_path')
[1.180s] INFO:colcon.colcon_core.shell:Creating environment hook '/home/aboidrees/Desktop/my_bot/install/my_bot/share/my_bot/hook/cmake_prefix_path.ps1'
[1.180s] INFO:colcon.colcon_core.shell:Creating environment descriptor '/home/aboidrees/Desktop/my_bot/install/my_bot/share/my_bot/hook/cmake_prefix_path.dsv'
[1.181s] INFO:colcon.colcon_core.shell:Creating environment hook '/home/aboidrees/Desktop/my_bot/install/my_bot/share/my_bot/hook/cmake_prefix_path.sh'
[1.182s] Level 1:colcon.colcon_core.environment:checking '/home/aboidrees/Desktop/my_bot/install/my_bot/bin'
[1.182s] Level 1:colcon.colcon_core.environment:checking '/home/aboidrees/Desktop/my_bot/install/my_bot/lib/pkgconfig/my_bot.pc'
[1.183s] Level 1:colcon.colcon_core.environment:checking '/home/aboidrees/Desktop/my_bot/install/my_bot/lib/python3.8/site-packages'
[1.183s] Level 1:colcon.colcon_core.environment:checking '/home/aboidrees/Desktop/my_bot/install/my_bot/bin'
[1.184s] INFO:colcon.colcon_core.shell:Creating package script '/home/aboidrees/Desktop/my_bot/install/my_bot/share/my_bot/package.ps1'
[1.185s] INFO:colcon.colcon_core.shell:Creating package descriptor '/home/aboidrees/Desktop/my_bot/install/my_bot/share/my_bot/package.dsv'
[1.185s] INFO:colcon.colcon_core.shell:Creating package script '/home/aboidrees/Desktop/my_bot/install/my_bot/share/my_bot/package.sh'
[1.186s] INFO:colcon.colcon_core.shell:Creating package script '/home/aboidrees/Desktop/my_bot/install/my_bot/share/my_bot/package.bash'
[1.187s] INFO:colcon.colcon_core.shell:Creating package script '/home/aboidrees/Desktop/my_bot/install/my_bot/share/my_bot/package.zsh'
[1.188s] Level 1:colcon.colcon_core.environment:create_file_with_runtime_dependencies(/home/aboidrees/Desktop/my_bot/install/my_bot/share/colcon-core/packages/my_bot)
[1.189s] DEBUG:colcon.colcon_parallel_executor.executor.parallel:closing loop
[1.189s] DEBUG:colcon.colcon_parallel_executor.executor.parallel:loop closed
[1.189s] DEBUG:colcon.colcon_parallel_executor.executor.parallel:run_until_complete finished with '0'
[1.189s] DEBUG:colcon.colcon_core.event_reactor:joining thread
[1.200s] INFO:colcon.colcon_core.plugin_system:Skipping extension 'colcon_notification.desktop_notification.terminal_notifier': Not used on non-Darwin systems
[1.200s] INFO:colcon.colcon_core.plugin_system:Skipping extension 'colcon_notification.desktop_notification.win32': Not used on non-Windows systems
[1.200s] INFO:colcon.colcon_notification.desktop_notification:Sending desktop notification using 'notify2'
[1.451s] DEBUG:colcon.colcon_core.event_reactor:joined thread
[1.452s] INFO:colcon.colcon_core.shell:Creating prefix script '/home/aboidrees/Desktop/my_bot/install/local_setup.ps1'
[1.454s] INFO:colcon.colcon_core.shell:Creating prefix util module '/home/aboidrees/Desktop/my_bot/install/_local_setup_util_ps1.py'
[1.456s] INFO:colcon.colcon_core.shell:Creating prefix chain script '/home/aboidrees/Desktop/my_bot/install/setup.ps1'
[1.458s] INFO:colcon.colcon_core.shell:Creating prefix script '/home/aboidrees/Desktop/my_bot/install/local_setup.sh'
[1.459s] INFO:colcon.colcon_core.shell:Creating prefix util module '/home/aboidrees/Desktop/my_bot/install/_local_setup_util_sh.py'
[1.460s] INFO:colcon.colcon_core.shell:Creating prefix chain script '/home/aboidrees/Desktop/my_bot/install/setup.sh'
[1.462s] INFO:colcon.colcon_core.shell:Creating prefix script '/home/aboidrees/Desktop/my_bot/install/local_setup.bash'
[1.463s] INFO:colcon.colcon_core.shell:Creating prefix chain script '/home/aboidrees/Desktop/my_bot/install/setup.bash'
[1.464s] INFO:colcon.colcon_core.shell:Creating prefix script '/home/aboidrees/Desktop/my_bot/install/local_setup.zsh'
[1.465s] INFO:colcon.colcon_core.shell:Creating prefix chain script '/home/aboidrees/Desktop/my_bot/install/setup.zsh'
