[0.354s] DEBUG:colcon:Command line arguments: ['/usr/bin/colcon', 'build', '--symlink-install']
[0.354s] DEBUG:colcon:Parsed command line arguments: Namespace(allow_overriding=[], ament_cmake_args=None, base_paths=['.'], build_base='build', catkin_cmake_args=None, catkin_skip_building_tests=False, cmake_args=None, cmake_clean_cache=False, cmake_clean_first=False, cmake_force_configure=False, cmake_target=None, cmake_target_skip_unavailable=False, continue_on_error=False, event_handlers=None, executor='parallel', ignore_user_meta=False, install_base='install', log_base=None, log_level=None, main=<bound method BuildVerb.main of <colcon_core.verb.build.BuildVerb object at 0x7fdabcda57c0>>, merge_install=False, metas=['./colcon.meta'], mixin=None, mixin_files=None, mixin_verb=('build',), packages_above=None, packages_above_and_dependencies=None, packages_above_depth=None, packages_end=None, packages_ignore=None, packages_ignore_regex=None, packages_select=None, packages_select_build_failed=False, packages_select_by_dep=None, packages_select_regex=None, packages_select_test_failures=False, packages_skip=None, packages_skip_build_finished=False, packages_skip_by_dep=None, packages_skip_regex=None, packages_skip_test_passed=False, packages_skip_up_to=None, packages_start=None, packages_up_to=None, packages_up_to_regex=None, parallel_workers=4, paths=None, symlink_install=True, test_result_base=None, verb_extension=<colcon_core.verb.build.BuildVerb object at 0x7fdabcda57c0>, verb_name='build', verb_parser=<colcon_mixin.mixin.mixin_argument.MixinArgumentDecorator object at 0x7fdabcd16280>)
[0.674s] Level 1:colcon.colcon_core.package_discovery:discover_packages(colcon_meta) check parameters
[0.674s] Level 1:colcon.colcon_core.package_discovery:discover_packages(recursive) check parameters
[0.674s] Level 1:colcon.colcon_core.package_discovery:discover_packages(ignore) check parameters
[0.674s] Level 1:colcon.colcon_core.package_discovery:discover_packages(path) check parameters
[0.674s] Level 1:colcon.colcon_core.package_discovery:discover_packages(colcon_meta) discover
[0.674s] Level 1:colcon.colcon_core.package_discovery:discover_packages(recursive) discover
[0.674s] INFO:colcon.colcon_core.package_discovery:Crawling recursively for packages in '/home/aboidrees/Desktop/my_bot'
[0.675s] Level 1:colcon.colcon_core.package_identification:_identify(.) by extensions ['ignore', 'ignore_ament_install']
[0.675s] Level 1:colcon.colcon_core.package_identification:_identify(.) by extension 'ignore'
[0.675s] Level 1:colcon.colcon_core.package_identification:_identify(.) by extension 'ignore_ament_install'
[0.675s] Level 1:colcon.colcon_core.package_identification:_identify(.) by extensions ['colcon_pkg']
[0.675s] Level 1:colcon.colcon_core.package_identification:_identify(.) by extension 'colcon_pkg'
[0.675s] Level 1:colcon.colcon_core.package_identification:_identify(.) by extensions ['colcon_meta']
[0.676s] Level 1:colcon.colcon_core.package_identification:_identify(.) by extension 'colcon_meta'
[0.676s] Level 1:colcon.colcon_core.package_identification:_identify(.) by extensions ['ros']
[0.676s] Level 1:colcon.colcon_core.package_identification:_identify(.) by extension 'ros'
[0.699s] DEBUG:colcon.colcon_core.package_identification:Package '.' with type 'ros.ament_cmake' and name 'my_bot'
[0.699s] Level 1:colcon.colcon_core.package_discovery:discover_packages(recursive) using defaults
[0.700s] Level 1:colcon.colcon_core.package_discovery:discover_packages(ignore) discover
[0.700s] Level 1:colcon.colcon_core.package_discovery:discover_packages(ignore) using defaults
[0.700s] Level 1:colcon.colcon_core.package_discovery:discover_packages(path) discover
[0.700s] Level 1:colcon.colcon_core.package_discovery:discover_packages(path) using defaults
[0.725s] Level 1:colcon.colcon_core.package_discovery:discover_packages(prefix_path) check parameters
[0.725s] Level 1:colcon.colcon_core.package_discovery:discover_packages(prefix_path) discover
[0.728s] DEBUG:colcon.colcon_installed_package_information.package_discovery:Found 1 installed packages in /home/aboidrees/Desktop/my_bot/install
[0.730s] DEBUG:colcon.colcon_installed_package_information.package_discovery:Found 267 installed packages in /opt/ros/foxy
[0.735s] Level 1:colcon.colcon_core.package_discovery:discover_packages(prefix_path) using defaults
[0.871s] Level 5:colcon.colcon_core.verb:set package 'my_bot' build argument 'cmake_args' from command line to 'None'
[0.871s] Level 5:colcon.colcon_core.verb:set package 'my_bot' build argument 'cmake_target' from command line to 'None'
[0.872s] Level 5:colcon.colcon_core.verb:set package 'my_bot' build argument 'cmake_target_skip_unavailable' from command line to 'False'
[0.872s] Level 5:colcon.colcon_core.verb:set package 'my_bot' build argument 'cmake_clean_cache' from command line to 'False'
[0.872s] Level 5:colcon.colcon_core.verb:set package 'my_bot' build argument 'cmake_clean_first' from command line to 'False'
[0.872s] Level 5:colcon.colcon_core.verb:set package 'my_bot' build argument 'cmake_force_configure' from command line to 'False'
[0.872s] Level 5:colcon.colcon_core.verb:set package 'my_bot' build argument 'ament_cmake_args' from command line to 'None'
[0.872s] Level 5:colcon.colcon_core.verb:set package 'my_bot' build argument 'catkin_cmake_args' from command line to 'None'
[0.872s] Level 5:colcon.colcon_core.verb:set package 'my_bot' build argument 'catkin_skip_building_tests' from command line to 'False'
[0.872s] DEBUG:colcon.colcon_core.verb:Building package 'my_bot' with the following arguments: {'ament_cmake_args': None, 'build_base': '/home/aboidrees/Desktop/my_bot/build/my_bot', 'catkin_cmake_args': None, 'catkin_skip_building_tests': False, 'cmake_args': None, 'cmake_clean_cache': False, 'cmake_clean_first': False, 'cmake_force_configure': False, 'cmake_target': None, 'cmake_target_skip_unavailable': False, 'install_base': '/home/aboidrees/Desktop/my_bot/install/my_bot', 'merge_install': False, 'path': '/home/aboidrees/Desktop/my_bot', 'symlink_install': True, 'test_result_base': None}
[0.873s] INFO:colcon.colcon_core.executor:Executing jobs using 'parallel' executor
[0.874s] DEBUG:colcon.colcon_parallel_executor.executor.parallel:run_until_complete
[0.875s] INFO:colcon.colcon_ros.task.ament_cmake.build:Building ROS package in '/home/aboidrees/Desktop/my_bot' with build type 'ament_cmake'
[0.875s] INFO:colcon.colcon_cmake.task.cmake.build:Building CMake package in '/home/aboidrees/Desktop/my_bot'
[0.879s] INFO:colcon.colcon_core.plugin_system:Skipping extension 'colcon_core.shell.bat': Not used on non-Windows systems
[0.879s] INFO:colcon.colcon_core.shell:Skip shell extension 'powershell' for command environment: Not usable outside of PowerShell
[0.880s] DEBUG:colcon.colcon_core.shell:Skip shell extension 'dsv' for command environment
[0.905s] DEBUG:colcon.colcon_core.event_handler.log_command:Invoking command in '/home/aboidrees/Desktop/my_bot/build/my_bot': CMAKE_PREFIX_PATH=${CMAKE_PREFIX_PATH}:/opt/ros/foxy /usr/bin/cmake --build /home/aboidrees/Desktop/my_bot/build/my_bot -- -j4 -l4
[0.980s] DEBUG:colcon.colcon_core.event_handler.log_command:Invoked command in '/home/aboidrees/Desktop/my_bot/build/my_bot' returned '0': CMAKE_PREFIX_PATH=${CMAKE_PREFIX_PATH}:/opt/ros/foxy /usr/bin/cmake --build /home/aboidrees/Desktop/my_bot/build/my_bot -- -j4 -l4
[1.000s] DEBUG:colcon.colcon_core.event_handler.log_command:Invoking command in '/home/aboidrees/Desktop/my_bot/build/my_bot': CMAKE_PREFIX_PATH=${CMAKE_PREFIX_PATH}:/opt/ros/foxy /usr/bin/cmake --install /home/aboidrees/Desktop/my_bot/build/my_bot
[1.081s] Level 1:colcon.colcon_core.environment:create_environment_scripts_only(my_bot)
[1.082s] DEBUG:colcon.colcon_core.event_handler.log_command:Invoked command in '/home/aboidrees/Desktop/my_bot/build/my_bot' returned '0': CMAKE_PREFIX_PATH=${CMAKE_PREFIX_PATH}:/opt/ros/foxy /usr/bin/cmake --install /home/aboidrees/Desktop/my_bot/build/my_bot
[1.087s] Level 1:colcon.colcon_core.environment:checking '/home/aboidrees/Desktop/my_bot/install/my_bot' for CMake module files
[1.088s] Level 1:colcon.colcon_core.environment:checking '/home/aboidrees/Desktop/my_bot/install/my_bot' for CMake config files
[1.088s] Level 1:colcon.colcon_core.shell:create_environment_hook('my_bot', 'cmake_prefix_path')
[1.089s] INFO:colcon.colcon_core.shell:Creating environment hook '/home/aboidrees/Desktop/my_bot/install/my_bot/share/my_bot/hook/cmake_prefix_path.ps1'
[1.090s] INFO:colcon.colcon_core.shell:Creating environment descriptor '/home/aboidrees/Desktop/my_bot/install/my_bot/share/my_bot/hook/cmake_prefix_path.dsv'
[1.091s] INFO:colcon.colcon_core.shell:Creating environment hook '/home/aboidrees/Desktop/my_bot/install/my_bot/share/my_bot/hook/cmake_prefix_path.sh'
[1.092s] Level 1:colcon.colcon_core.environment:checking '/home/aboidrees/Desktop/my_bot/install/my_bot/bin'
[1.093s] Level 1:colcon.colcon_core.environment:checking '/home/aboidrees/Desktop/my_bot/install/my_bot/lib/pkgconfig/my_bot.pc'
[1.093s] Level 1:colcon.colcon_core.environment:checking '/home/aboidrees/Desktop/my_bot/install/my_bot/lib/python3.8/site-packages'
[1.094s] Level 1:colcon.colcon_core.environment:checking '/home/aboidrees/Desktop/my_bot/install/my_bot/bin'
[1.094s] INFO:colcon.colcon_core.shell:Creating package script '/home/aboidrees/Desktop/my_bot/install/my_bot/share/my_bot/package.ps1'
[1.095s] INFO:colcon.colcon_core.shell:Creating package descriptor '/home/aboidrees/Desktop/my_bot/install/my_bot/share/my_bot/package.dsv'
[1.097s] INFO:colcon.colcon_core.shell:Creating package script '/home/aboidrees/Desktop/my_bot/install/my_bot/share/my_bot/package.sh'
[1.098s] INFO:colcon.colcon_core.shell:Creating package script '/home/aboidrees/Desktop/my_bot/install/my_bot/share/my_bot/package.bash'
[1.099s] INFO:colcon.colcon_core.shell:Creating package script '/home/aboidrees/Desktop/my_bot/install/my_bot/share/my_bot/package.zsh'
[1.101s] Level 1:colcon.colcon_core.environment:create_file_with_runtime_dependencies(/home/aboidrees/Desktop/my_bot/install/my_bot/share/colcon-core/packages/my_bot)
[1.102s] Level 1:colcon.colcon_core.environment:create_environment_scripts_only(my_bot)
[1.102s] Level 1:colcon.colcon_core.environment:checking '/home/aboidrees/Desktop/my_bot/install/my_bot' for CMake module files
[1.103s] Level 1:colcon.colcon_core.environment:checking '/home/aboidrees/Desktop/my_bot/install/my_bot' for CMake config files
[1.104s] Level 1:colcon.colcon_core.shell:create_environment_hook('my_bot', 'cmake_prefix_path')
[1.104s] INFO:colcon.colcon_core.shell:Creating environment hook '/home/aboidrees/Desktop/my_bot/install/my_bot/share/my_bot/hook/cmake_prefix_path.ps1'
[1.105s] INFO:colcon.colcon_core.shell:Creating environment descriptor '/home/aboidrees/Desktop/my_bot/install/my_bot/share/my_bot/hook/cmake_prefix_path.dsv'
[1.105s] INFO:colcon.colcon_core.shell:Creating environment hook '/home/aboidrees/Desktop/my_bot/install/my_bot/share/my_bot/hook/cmake_prefix_path.sh'
[1.106s] Level 1:colcon.colcon_core.environment:checking '/home/aboidrees/Desktop/my_bot/install/my_bot/bin'
[1.106s] Level 1:colcon.colcon_core.environment:checking '/home/aboidrees/Desktop/my_bot/install/my_bot/lib/pkgconfig/my_bot.pc'
[1.107s] Level 1:colcon.colcon_core.environment:checking '/home/aboidrees/Desktop/my_bot/install/my_bot/lib/python3.8/site-packages'
[1.107s] Level 1:colcon.colcon_core.environment:checking '/home/aboidrees/Desktop/my_bot/install/my_bot/bin'
[1.108s] INFO:colcon.colcon_core.shell:Creating package script '/home/aboidrees/Desktop/my_bot/install/my_bot/share/my_bot/package.ps1'
[1.109s] INFO:colcon.colcon_core.shell:Creating package descriptor '/home/aboidrees/Desktop/my_bot/install/my_bot/share/my_bot/package.dsv'
[1.110s] INFO:colcon.colcon_core.shell:Creating package script '/home/aboidrees/Desktop/my_bot/install/my_bot/share/my_bot/package.sh'
[1.110s] INFO:colcon.colcon_core.shell:Creating package script '/home/aboidrees/Desktop/my_bot/install/my_bot/share/my_bot/package.bash'
[1.111s] INFO:colcon.colcon_core.shell:Creating package script '/home/aboidrees/Desktop/my_bot/install/my_bot/share/my_bot/package.zsh'
[1.112s] Level 1:colcon.colcon_core.environment:create_file_with_runtime_dependencies(/home/aboidrees/Desktop/my_bot/install/my_bot/share/colcon-core/packages/my_bot)
[1.113s] DEBUG:colcon.colcon_parallel_executor.executor.parallel:closing loop
[1.113s] DEBUG:colcon.colcon_parallel_executor.executor.parallel:loop closed
[1.113s] DEBUG:colcon.colcon_parallel_executor.executor.parallel:run_until_complete finished with '0'
[1.113s] DEBUG:colcon.colcon_core.event_reactor:joining thread
[1.123s] INFO:colcon.colcon_core.plugin_system:Skipping extension 'colcon_notification.desktop_notification.terminal_notifier': Not used on non-Darwin systems
[1.124s] INFO:colcon.colcon_core.plugin_system:Skipping extension 'colcon_notification.desktop_notification.win32': Not used on non-Windows systems
[1.124s] INFO:colcon.colcon_notification.desktop_notification:Sending desktop notification using 'notify2'
[1.369s] DEBUG:colcon.colcon_core.event_reactor:joined thread
[1.370s] INFO:colcon.colcon_core.shell:Creating prefix script '/home/aboidrees/Desktop/my_bot/install/local_setup.ps1'
[1.372s] INFO:colcon.colcon_core.shell:Creating prefix util module '/home/aboidrees/Desktop/my_bot/install/_local_setup_util_ps1.py'
[1.374s] INFO:colcon.colcon_core.shell:Creating prefix chain script '/home/aboidrees/Desktop/my_bot/install/setup.ps1'
[1.376s] INFO:colcon.colcon_core.shell:Creating prefix script '/home/aboidrees/Desktop/my_bot/install/local_setup.sh'
[1.378s] INFO:colcon.colcon_core.shell:Creating prefix util module '/home/aboidrees/Desktop/my_bot/install/_local_setup_util_sh.py'
[1.379s] INFO:colcon.colcon_core.shell:Creating prefix chain script '/home/aboidrees/Desktop/my_bot/install/setup.sh'
[1.381s] INFO:colcon.colcon_core.shell:Creating prefix script '/home/aboidrees/Desktop/my_bot/install/local_setup.bash'
[1.382s] INFO:colcon.colcon_core.shell:Creating prefix chain script '/home/aboidrees/Desktop/my_bot/install/setup.bash'
[1.383s] INFO:colcon.colcon_core.shell:Creating prefix script '/home/aboidrees/Desktop/my_bot/install/local_setup.zsh'
[1.384s] INFO:colcon.colcon_core.shell:Creating prefix chain script '/home/aboidrees/Desktop/my_bot/install/setup.zsh'
