[0.023s] Invoking command in '/home/aboidrees/Desktop/my_bot/build/my_bot': CMAKE_PREFIX_PATH=${CMAKE_PREFIX_PATH}:/opt/ros/foxy /usr/bin/cmake --build /home/aboidrees/Desktop/my_bot/build/my_bot -- -j4 -l4
[0.097s] Invoked command in '/home/aboidrees/Desktop/my_bot/build/my_bot' returned '0': CMAKE_PREFIX_PATH=${CMAKE_PREFIX_PATH}:/opt/ros/foxy /usr/bin/cmake --build /home/aboidrees/Desktop/my_bot/build/my_bot -- -j4 -l4
[0.127s] Invoking command in '/home/aboidrees/Desktop/my_bot/build/my_bot': CMAKE_PREFIX_PATH=${CMAKE_PREFIX_PATH}:/opt/ros/foxy /usr/bin/cmake --install /home/aboidrees/Desktop/my_bot/build/my_bot
[0.141s] -- Install configuration: ""
[0.143s] -- Execute custom install script
[0.144s] -- Up-to-date symlink: /home/aboidrees/Desktop/my_bot/install/my_bot/share/my_bot/config/empty.yaml
[0.144s] -- Up-to-date symlink: /home/aboidrees/Desktop/my_bot/install/my_bot/share/my_bot/config/view_bot.rviz
[0.144s] -- Symlinking: /home/aboidrees/Desktop/my_bot/install/my_bot/share/my_bot/description/gazebo_control.xacro
[0.162s] -- Up-to-date symlink: /home/aboidrees/Desktop/my_bot/install/my_bot/share/my_bot/description/inertial_macros.xacro
[0.163s] -- Up-to-date symlink: /home/aboidrees/Desktop/my_bot/install/my_bot/share/my_bot/description/robot.urdf.xacro
[0.163s] -- Up-to-date symlink: /home/aboidrees/Desktop/my_bot/install/my_bot/share/my_bot/description/robot_core.xacro
[0.164s] -- Up-to-date symlink: /home/aboidrees/Desktop/my_bot/install/my_bot/share/my_bot/launch/launch_sim.launch.py
[0.164s] -- Up-to-date symlink: /home/aboidrees/Desktop/my_bot/install/my_bot/share/my_bot/launch/rsp.launch.py
[0.166s] -- Up-to-date symlink: /home/aboidrees/Desktop/my_bot/install/my_bot/share/my_bot/worlds/empty.world
[0.167s] -- Up-to-date symlink: /home/aboidrees/Desktop/my_bot/install/my_bot/share/ament_index/resource_index/package_run_dependencies/my_bot
[0.167s] -- Up-to-date symlink: /home/aboidrees/Desktop/my_bot/install/my_bot/share/ament_index/resource_index/parent_prefix_path/my_bot
[0.168s] -- Up-to-date symlink: /home/aboidrees/Desktop/my_bot/install/my_bot/share/my_bot/environment/ament_prefix_path.sh
[0.169s] -- Up-to-date symlink: /home/aboidrees/Desktop/my_bot/install/my_bot/share/my_bot/environment/ament_prefix_path.dsv
[0.171s] -- Up-to-date symlink: /home/aboidrees/Desktop/my_bot/install/my_bot/share/my_bot/environment/path.sh
[0.171s] -- Up-to-date symlink: /home/aboidrees/Desktop/my_bot/install/my_bot/share/my_bot/environment/path.dsv
[0.172s] -- Up-to-date symlink: /home/aboidrees/Desktop/my_bot/install/my_bot/share/my_bot/local_setup.bash
[0.173s] -- Up-to-date symlink: /home/aboidrees/Desktop/my_bot/install/my_bot/share/my_bot/local_setup.sh
[0.174s] -- Up-to-date symlink: /home/aboidrees/Desktop/my_bot/install/my_bot/share/my_bot/local_setup.zsh
[0.174s] -- Up-to-date symlink: /home/aboidrees/Desktop/my_bot/install/my_bot/share/my_bot/local_setup.dsv
[0.175s] -- Symlinking: /home/aboidrees/Desktop/my_bot/install/my_bot/share/my_bot/package.dsv
[0.193s] -- Up-to-date symlink: /home/aboidrees/Desktop/my_bot/install/my_bot/share/ament_index/resource_index/packages/my_bot
[0.193s] -- Up-to-date symlink: /home/aboidrees/Desktop/my_bot/install/my_bot/share/my_bot/cmake/my_botConfig.cmake
[0.194s] -- Up-to-date symlink: /home/aboidrees/Desktop/my_bot/install/my_bot/share/my_bot/cmake/my_botConfig-version.cmake
[0.194s] -- Up-to-date symlink: /home/aboidrees/Desktop/my_bot/install/my_bot/share/my_bot/package.xml
[0.198s] Invoked command in '/home/aboidrees/Desktop/my_bot/build/my_bot' returned '0': CMAKE_PREFIX_PATH=${CMAKE_PREFIX_PATH}:/opt/ros/foxy /usr/bin/cmake --install /home/aboidrees/Desktop/my_bot/build/my_bot
