[1.589s] DEBUG:colcon:Command line arguments: ['/usr/bin/colcon', 'build', '--symlink-install']
[1.590s] DEBUG:colcon:Parsed command line arguments: Namespace(allow_overriding=[], ament_cmake_args=None, base_paths=['.'], build_base='build', catkin_cmake_args=None, catkin_skip_building_tests=False, cmake_args=None, cmake_clean_cache=False, cmake_clean_first=False, cmake_force_configure=False, cmake_target=None, cmake_target_skip_unavailable=False, continue_on_error=False, event_handlers=None, executor='parallel', ignore_user_meta=False, install_base='install', log_base=None, log_level=None, main=<bound method BuildVerb.main of <colcon_core.verb.build.BuildVerb object at 0xffff7e3762e0>>, merge_install=False, metas=['./colcon.meta'], mixin=None, mixin_files=None, mixin_verb=('build',), packages_above=None, packages_above_and_dependencies=None, packages_above_depth=None, packages_end=None, packages_ignore=None, packages_ignore_regex=None, packages_select=None, packages_select_build_failed=False, packages_select_by_dep=None, packages_select_regex=None, packages_select_test_failures=False, packages_skip=None, packages_skip_build_finished=False, packages_skip_by_dep=None, packages_skip_regex=None, packages_skip_test_passed=False, packages_skip_up_to=None, packages_start=None, packages_up_to=None, packages_up_to_regex=None, parallel_workers=4, paths=None, symlink_install=True, test_result_base=None, verb_extension=<colcon_core.verb.build.BuildVerb object at 0xffff7e3762e0>, verb_name='build', verb_parser=<colcon_mixin.mixin.mixin_argument.MixinArgumentDecorator object at 0xffff7e2b1370>)
[2.485s] Level 1:colcon.colcon_core.package_discovery:discover_packages(colcon_meta) check parameters
[2.485s] Level 1:colcon.colcon_core.package_discovery:discover_packages(recursive) check parameters
[2.485s] Level 1:colcon.colcon_core.package_discovery:discover_packages(ignore) check parameters
[2.485s] Level 1:colcon.colcon_core.package_discovery:discover_packages(path) check parameters
[2.486s] Level 1:colcon.colcon_core.package_discovery:discover_packages(colcon_meta) discover
[2.486s] Level 1:colcon.colcon_core.package_discovery:discover_packages(recursive) discover
[2.486s] INFO:colcon.colcon_core.package_discovery:Crawling recursively for packages in '/home/robo/dev_ws/my_bot'
[2.487s] Level 1:colcon.colcon_core.package_identification:_identify(.) by extensions ['ignore', 'ignore_ament_install']
[2.487s] Level 1:colcon.colcon_core.package_identification:_identify(.) by extension 'ignore'
[2.487s] Level 1:colcon.colcon_core.package_identification:_identify(.) by extension 'ignore_ament_install'
[2.488s] Level 1:colcon.colcon_core.package_identification:_identify(.) by extensions ['colcon_pkg']
[2.488s] Level 1:colcon.colcon_core.package_identification:_identify(.) by extension 'colcon_pkg'
[2.488s] Level 1:colcon.colcon_core.package_identification:_identify(.) by extensions ['colcon_meta']
[2.488s] Level 1:colcon.colcon_core.package_identification:_identify(.) by extension 'colcon_meta'
[2.488s] Level 1:colcon.colcon_core.package_identification:_identify(.) by extensions ['ros']
[2.488s] Level 1:colcon.colcon_core.package_identification:_identify(.) by extension 'ros'
[2.565s] DEBUG:colcon.colcon_core.package_identification:Package '.' with type 'ros.ament_cmake' and name 'my_bot'
[2.565s] Level 1:colcon.colcon_core.package_discovery:discover_packages(recursive) using defaults
[2.565s] Level 1:colcon.colcon_core.package_discovery:discover_packages(ignore) discover
[2.565s] Level 1:colcon.colcon_core.package_discovery:discover_packages(ignore) using defaults
[2.566s] Level 1:colcon.colcon_core.package_discovery:discover_packages(path) discover
[2.566s] Level 1:colcon.colcon_core.package_discovery:discover_packages(path) using defaults
[2.651s] Level 1:colcon.colcon_core.package_discovery:discover_packages(prefix_path) check parameters
[2.651s] Level 1:colcon.colcon_core.package_discovery:discover_packages(prefix_path) discover
[2.671s] DEBUG:colcon.colcon_installed_package_information.package_discovery:Found 331 installed packages in /opt/ros/foxy
[2.726s] Level 1:colcon.colcon_core.package_discovery:discover_packages(prefix_path) using defaults
[3.213s] Level 5:colcon.colcon_core.verb:set package 'my_bot' build argument 'cmake_args' from command line to 'None'
[3.213s] Level 5:colcon.colcon_core.verb:set package 'my_bot' build argument 'cmake_target' from command line to 'None'
[3.213s] Level 5:colcon.colcon_core.verb:set package 'my_bot' build argument 'cmake_target_skip_unavailable' from command line to 'False'
[3.214s] Level 5:colcon.colcon_core.verb:set package 'my_bot' build argument 'cmake_clean_cache' from command line to 'False'
[3.214s] Level 5:colcon.colcon_core.verb:set package 'my_bot' build argument 'cmake_clean_first' from command line to 'False'
[3.214s] Level 5:colcon.colcon_core.verb:set package 'my_bot' build argument 'cmake_force_configure' from command line to 'False'
[3.214s] Level 5:colcon.colcon_core.verb:set package 'my_bot' build argument 'ament_cmake_args' from command line to 'None'
[3.214s] Level 5:colcon.colcon_core.verb:set package 'my_bot' build argument 'catkin_cmake_args' from command line to 'None'
[3.214s] Level 5:colcon.colcon_core.verb:set package 'my_bot' build argument 'catkin_skip_building_tests' from command line to 'False'
[3.214s] DEBUG:colcon.colcon_core.verb:Building package 'my_bot' with the following arguments: {'ament_cmake_args': None, 'build_base': '/home/robo/dev_ws/my_bot/build/my_bot', 'catkin_cmake_args': None, 'catkin_skip_building_tests': False, 'cmake_args': None, 'cmake_clean_cache': False, 'cmake_clean_first': False, 'cmake_force_configure': False, 'cmake_target': None, 'cmake_target_skip_unavailable': False, 'install_base': '/home/robo/dev_ws/my_bot/install/my_bot', 'merge_install': False, 'path': '/home/robo/dev_ws/my_bot', 'symlink_install': True, 'test_result_base': None}
[3.215s] INFO:colcon.colcon_core.executor:Executing jobs using 'parallel' executor
[3.219s] DEBUG:colcon.colcon_parallel_executor.executor.parallel:run_until_complete
[3.220s] INFO:colcon.colcon_ros.task.ament_cmake.build:Building ROS package in '/home/robo/dev_ws/my_bot' with build type 'ament_cmake'
[3.220s] INFO:colcon.colcon_cmake.task.cmake.build:Building CMake package in '/home/robo/dev_ws/my_bot'
[3.238s] INFO:colcon.colcon_core.plugin_system:Skipping extension 'colcon_core.shell.bat': Not used on non-Windows systems
[3.239s] INFO:colcon.colcon_core.shell:Skip shell extension 'powershell' for command environment: Not usable outside of PowerShell
[3.239s] DEBUG:colcon.colcon_core.shell:Skip shell extension 'dsv' for command environment
[3.276s] DEBUG:colcon.colcon_core.event_handler.log_command:Invoking command in '/home/robo/dev_ws/my_bot/build/my_bot': CMAKE_PREFIX_PATH=/opt/ros/foxy /usr/bin/cmake /home/robo/dev_ws/my_bot -DAMENT_CMAKE_SYMLINK_INSTALL=1 -DCMAKE_INSTALL_PREFIX=/home/robo/dev_ws/my_bot/install/my_bot
[8.407s] DEBUG:colcon.colcon_core.event_handler.log_command:Invoked command in '/home/robo/dev_ws/my_bot/build/my_bot' returned '0': CMAKE_PREFIX_PATH=/opt/ros/foxy /usr/bin/cmake /home/robo/dev_ws/my_bot -DAMENT_CMAKE_SYMLINK_INSTALL=1 -DCMAKE_INSTALL_PREFIX=/home/robo/dev_ws/my_bot/install/my_bot
[8.419s] DEBUG:colcon.colcon_core.event_handler.log_command:Invoking command in '/home/robo/dev_ws/my_bot/build/my_bot': CMAKE_PREFIX_PATH=/opt/ros/foxy /usr/bin/cmake --build /home/robo/dev_ws/my_bot/build/my_bot -- -j4 -l4
[8.593s] DEBUG:colcon.colcon_core.event_handler.log_command:Invoked command in '/home/robo/dev_ws/my_bot/build/my_bot' returned '0': CMAKE_PREFIX_PATH=/opt/ros/foxy /usr/bin/cmake --build /home/robo/dev_ws/my_bot/build/my_bot -- -j4 -l4
[8.647s] DEBUG:colcon.colcon_core.event_handler.log_command:Invoking command in '/home/robo/dev_ws/my_bot/build/my_bot': CMAKE_PREFIX_PATH=/opt/ros/foxy /usr/bin/cmake --install /home/robo/dev_ws/my_bot/build/my_bot
[10.711s] Level 1:colcon.colcon_core.environment:create_environment_scripts_only(my_bot)
[10.713s] DEBUG:colcon.colcon_core.event_handler.log_command:Invoked command in '/home/robo/dev_ws/my_bot/build/my_bot' returned '0': CMAKE_PREFIX_PATH=/opt/ros/foxy /usr/bin/cmake --install /home/robo/dev_ws/my_bot/build/my_bot
[10.734s] Level 1:colcon.colcon_core.environment:checking '/home/robo/dev_ws/my_bot/install/my_bot' for CMake module files
[10.737s] Level 1:colcon.colcon_core.environment:checking '/home/robo/dev_ws/my_bot/install/my_bot' for CMake config files
[10.739s] Level 1:colcon.colcon_core.shell:create_environment_hook('my_bot', 'cmake_prefix_path')
[10.740s] INFO:colcon.colcon_core.shell:Creating environment hook '/home/robo/dev_ws/my_bot/install/my_bot/share/my_bot/hook/cmake_prefix_path.ps1'
[10.744s] INFO:colcon.colcon_core.shell:Creating environment descriptor '/home/robo/dev_ws/my_bot/install/my_bot/share/my_bot/hook/cmake_prefix_path.dsv'
[10.747s] INFO:colcon.colcon_core.shell:Creating environment hook '/home/robo/dev_ws/my_bot/install/my_bot/share/my_bot/hook/cmake_prefix_path.sh'
[10.751s] Level 1:colcon.colcon_core.environment:checking '/home/robo/dev_ws/my_bot/install/my_bot/bin'
[10.751s] Level 1:colcon.colcon_core.environment:checking '/home/robo/dev_ws/my_bot/install/my_bot/lib/pkgconfig/my_bot.pc'
[10.752s] Level 1:colcon.colcon_core.environment:checking '/home/robo/dev_ws/my_bot/install/my_bot/lib/python3.8/site-packages'
[10.753s] Level 1:colcon.colcon_core.environment:checking '/home/robo/dev_ws/my_bot/install/my_bot/bin'
[10.755s] INFO:colcon.colcon_core.shell:Creating package script '/home/robo/dev_ws/my_bot/install/my_bot/share/my_bot/package.ps1'
[10.759s] INFO:colcon.colcon_core.shell:Creating package descriptor '/home/robo/dev_ws/my_bot/install/my_bot/share/my_bot/package.dsv'
[10.763s] INFO:colcon.colcon_core.shell:Creating package script '/home/robo/dev_ws/my_bot/install/my_bot/share/my_bot/package.sh'
[10.766s] INFO:colcon.colcon_core.shell:Creating package script '/home/robo/dev_ws/my_bot/install/my_bot/share/my_bot/package.bash'
[10.771s] INFO:colcon.colcon_core.shell:Creating package script '/home/robo/dev_ws/my_bot/install/my_bot/share/my_bot/package.zsh'
[10.775s] Level 1:colcon.colcon_core.environment:create_file_with_runtime_dependencies(/home/robo/dev_ws/my_bot/install/my_bot/share/colcon-core/packages/my_bot)
[10.777s] Level 1:colcon.colcon_core.environment:create_environment_scripts_only(my_bot)
[10.779s] Level 1:colcon.colcon_core.environment:checking '/home/robo/dev_ws/my_bot/install/my_bot' for CMake module files
[10.781s] Level 1:colcon.colcon_core.environment:checking '/home/robo/dev_ws/my_bot/install/my_bot' for CMake config files
[10.783s] Level 1:colcon.colcon_core.shell:create_environment_hook('my_bot', 'cmake_prefix_path')
[10.784s] INFO:colcon.colcon_core.shell:Creating environment hook '/home/robo/dev_ws/my_bot/install/my_bot/share/my_bot/hook/cmake_prefix_path.ps1'
[10.787s] INFO:colcon.colcon_core.shell:Creating environment descriptor '/home/robo/dev_ws/my_bot/install/my_bot/share/my_bot/hook/cmake_prefix_path.dsv'
[10.788s] INFO:colcon.colcon_core.shell:Creating environment hook '/home/robo/dev_ws/my_bot/install/my_bot/share/my_bot/hook/cmake_prefix_path.sh'
[10.791s] Level 1:colcon.colcon_core.environment:checking '/home/robo/dev_ws/my_bot/install/my_bot/bin'
[10.792s] Level 1:colcon.colcon_core.environment:checking '/home/robo/dev_ws/my_bot/install/my_bot/lib/pkgconfig/my_bot.pc'
[10.793s] Level 1:colcon.colcon_core.environment:checking '/home/robo/dev_ws/my_bot/install/my_bot/lib/python3.8/site-packages'
[10.794s] Level 1:colcon.colcon_core.environment:checking '/home/robo/dev_ws/my_bot/install/my_bot/bin'
[10.795s] INFO:colcon.colcon_core.shell:Creating package script '/home/robo/dev_ws/my_bot/install/my_bot/share/my_bot/package.ps1'
[10.798s] INFO:colcon.colcon_core.shell:Creating package descriptor '/home/robo/dev_ws/my_bot/install/my_bot/share/my_bot/package.dsv'
[10.801s] INFO:colcon.colcon_core.shell:Creating package script '/home/robo/dev_ws/my_bot/install/my_bot/share/my_bot/package.sh'
[10.803s] INFO:colcon.colcon_core.shell:Creating package script '/home/robo/dev_ws/my_bot/install/my_bot/share/my_bot/package.bash'
[10.805s] INFO:colcon.colcon_core.shell:Creating package script '/home/robo/dev_ws/my_bot/install/my_bot/share/my_bot/package.zsh'
[10.807s] Level 1:colcon.colcon_core.environment:create_file_with_runtime_dependencies(/home/robo/dev_ws/my_bot/install/my_bot/share/colcon-core/packages/my_bot)
[10.809s] DEBUG:colcon.colcon_parallel_executor.executor.parallel:closing loop
[10.810s] DEBUG:colcon.colcon_parallel_executor.executor.parallel:loop closed
[10.810s] DEBUG:colcon.colcon_parallel_executor.executor.parallel:run_until_complete finished with '0'
[10.811s] DEBUG:colcon.colcon_core.event_reactor:joining thread
[10.838s] INFO:colcon.colcon_core.plugin_system:Skipping extension 'colcon_notification.desktop_notification.terminal_notifier': Not used on non-Darwin systems
[10.838s] INFO:colcon.colcon_core.plugin_system:Skipping extension 'colcon_notification.desktop_notification.win32': Not used on non-Windows systems
[10.839s] INFO:colcon.colcon_notification.desktop_notification:Sending desktop notification using 'notify2'
[11.199s] DEBUG:colcon.colcon_core.event_reactor:joined thread
[11.201s] INFO:colcon.colcon_core.shell:Creating prefix script '/home/robo/dev_ws/my_bot/install/local_setup.ps1'
[11.208s] INFO:colcon.colcon_core.shell:Creating prefix util module '/home/robo/dev_ws/my_bot/install/_local_setup_util_ps1.py'
[11.216s] INFO:colcon.colcon_core.shell:Creating prefix chain script '/home/robo/dev_ws/my_bot/install/setup.ps1'
[11.223s] INFO:colcon.colcon_core.shell:Creating prefix script '/home/robo/dev_ws/my_bot/install/local_setup.sh'
[11.227s] INFO:colcon.colcon_core.shell:Creating prefix util module '/home/robo/dev_ws/my_bot/install/_local_setup_util_sh.py'
[11.231s] INFO:colcon.colcon_core.shell:Creating prefix chain script '/home/robo/dev_ws/my_bot/install/setup.sh'
[11.239s] INFO:colcon.colcon_core.shell:Creating prefix script '/home/robo/dev_ws/my_bot/install/local_setup.bash'
[11.244s] INFO:colcon.colcon_core.shell:Creating prefix chain script '/home/robo/dev_ws/my_bot/install/setup.bash'
[11.251s] INFO:colcon.colcon_core.shell:Creating prefix script '/home/robo/dev_ws/my_bot/install/local_setup.zsh'
[11.254s] INFO:colcon.colcon_core.shell:Creating prefix chain script '/home/robo/dev_ws/my_bot/install/setup.zsh'
